Warning[205] D:\ELECTRONICA\TALLERES_VIRTUALES\TALLER1\PROGRAMAS\LCD_4BITS.X\PROGRAMA_PRINCIPAL.ASM 60 : Found directive in column 1. (endm)
Warning[205] D:\ELECTRONICA\TALLERES_VIRTUALES\TALLER1\PROGRAMAS\LCD_4BITS.X\PROGRAMA_PRINCIPAL.ASM 64 : Found directive in column 1. (endm)
Warning[205] D:\ELECTRONICA\TALLERES_VIRTUALES\TALLER1\PROGRAMAS\LCD_4BITS.X\PROGRAMA_PRINCIPAL.ASM 67 : Found directive in column 1. (org)
Warning[203] D:\ELECTRONICA\TALLERES_VIRTUALES\TALLER1\PROGRAMAS\LCD_4BITS.X\PROGRAMA_PRINCIPAL.ASM 68 : Found opcode in column 1. (goto)
Warning[205] D:\ELECTRONICA\TALLERES_VIRTUALES\TALLER1\PROGRAMAS\LCD_4BITS.X\PROGRAMA_PRINCIPAL.ASM 70 : Found directive in column 1. (org)
Warning[203] D:\ELECTRONICA\TALLERES_VIRTUALES\TALLER1\PROGRAMAS\LCD_4BITS.X\PROGRAMA_PRINCIPAL.ASM 72 : Found opcode in column 1. (MOVLW)
Warning[203] D:\ELECTRONICA\TALLERES_VIRTUALES\TALLER1\PROGRAMAS\LCD_4BITS.X\PROGRAMA_PRINCIPAL.ASM 73 : Found opcode in column 1. (MOVWF)
Warning[203] D:\ELECTRONICA\TALLERES_VIRTUALES\TALLER1\PROGRAMAS\LCD_4BITS.X\PROGRAMA_PRINCIPAL.ASM 74 : Found opcode in column 1. (call)
Warning[203] D:\ELECTRONICA\TALLERES_VIRTUALES\TALLER1\PROGRAMAS\LCD_4BITS.X\PROGRAMA_PRINCIPAL.ASM 75 : Found opcode in column 1. (call)
Warning[203] D:\ELECTRONICA\TALLERES_VIRTUALES\TALLER1\PROGRAMAS\LCD_4BITS.X\PROGRAMA_PRINCIPAL.ASM 76 : Found opcode in column 1. (bsf)
Warning[203] D:\ELECTRONICA\TALLERES_VIRTUALES\TALLER1\PROGRAMAS\LCD_4BITS.X\PROGRAMA_PRINCIPAL.ASM 78 : Found opcode in column 1. (MOVLW)
Warning[203] D:\ELECTRONICA\TALLERES_VIRTUALES\TALLER1\PROGRAMAS\LCD_4BITS.X\PROGRAMA_PRINCIPAL.ASM 79 : Found opcode in column 1. (CALL)
Warning[206] D:\ELECTRONICA\TALLERES_VIRTUALES\TALLER1\PROGRAMAS\LCD_4BITS.X\PROGRAMA_PRINCIPAL.ASM 80 : Found call to macro in column 1. (LCD_Putc)
Warning[203] D:\ELECTRONICA\TALLERES_VIRTUALES\TALLER1\PROGRAMAS\LCD_4BITS.X\PROGRAMA_PRINCIPAL.ASM 58 : Found opcode in column 1. (movlw)
Warning[203] D:\ELECTRONICA\TALLERES_VIRTUALES\TALLER1\PROGRAMAS\LCD_4BITS.X\PROGRAMA_PRINCIPAL.ASM 59 : Found opcode in column 1. (call)
Warning[206] D:\ELECTRONICA\TALLERES_VIRTUALES\TALLER1\PROGRAMAS\LCD_4BITS.X\PROGRAMA_PRINCIPAL.ASM 81 : Found call to macro in column 1. (LCD_Putc)
Warning[203] D:\ELECTRONICA\TALLERES_VIRTUALES\TALLER1\PROGRAMAS\LCD_4BITS.X\PROGRAMA_PRINCIPAL.ASM 58 : Found opcode in column 1. (movlw)
Warning[203] D:\ELECTRONICA\TALLERES_VIRTUALES\TALLER1\PROGRAMAS\LCD_4BITS.X\PROGRAMA_PRINCIPAL.ASM 59 : Found opcode in column 1. (call)
Warning[206] D:\ELECTRONICA\TALLERES_VIRTUALES\TALLER1\PROGRAMAS\LCD_4BITS.X\PROGRAMA_PRINCIPAL.ASM 82 : Found call to macro in column 1. (LCD_Putc)
Warning[203] D:\ELECTRONICA\TALLERES_VIRTUALES\TALLER1\PROGRAMAS\LCD_4BITS.X\PROGRAMA_PRINCIPAL.ASM 58 : Found opcode in column 1. (movlw)
Warning[203] D:\ELECTRONICA\TALLERES_VIRTUALES\TALLER1\PROGRAMAS\LCD_4BITS.X\PROGRAMA_PRINCIPAL.ASM 59 : Found opcode in column 1. (call)
Warning[206] D:\ELECTRONICA\TALLERES_VIRTUALES\TALLER1\PROGRAMAS\LCD_4BITS.X\PROGRAMA_PRINCIPAL.ASM 83 : Found call to macro in column 1. (LCD_Putc)
Warning[203] D:\ELECTRONICA\TALLERES_VIRTUALES\TALLER1\PROGRAMAS\LCD_4BITS.X\PROGRAMA_PRINCIPAL.ASM 58 : Found opcode in column 1. (movlw)
Warning[203] D:\ELECTRONICA\TALLERES_VIRTUALES\TALLER1\PROGRAMAS\LCD_4BITS.X\PROGRAMA_PRINCIPAL.ASM 59 : Found opcode in column 1. (call)
Warning[206] D:\ELECTRONICA\TALLERES_VIRTUALES\TALLER1\PROGRAMAS\LCD_4BITS.X\PROGRAMA_PRINCIPAL.ASM 84 : Found call to macro in column 1. (LCD_Putc)
Warning[203] D:\ELECTRONICA\TALLERES_VIRTUALES\TALLER1\PROGRAMAS\LCD_4BITS.X\PROGRAMA_PRINCIPAL.ASM 58 : Found opcode in column 1. (movlw)
Warning[203] D:\ELECTRONICA\TALLERES_VIRTUALES\TALLER1\PROGRAMAS\LCD_4BITS.X\PROGRAMA_PRINCIPAL.ASM 59 : Found opcode in column 1. (call)
Warning[206] D:\ELECTRONICA\TALLERES_VIRTUALES\TALLER1\PROGRAMAS\LCD_4BITS.X\PROGRAMA_PRINCIPAL.ASM 85 : Found call to macro in column 1. (LCD_Putc)
Warning[203] D:\ELECTRONICA\TALLERES_VIRTUALES\TALLER1\PROGRAMAS\LCD_4BITS.X\PROGRAMA_PRINCIPAL.ASM 58 : Found opcode in column 1. (movlw)
Warning[203] D:\ELECTRONICA\TALLERES_VIRTUALES\TALLER1\PROGRAMAS\LCD_4BITS.X\PROGRAMA_PRINCIPAL.ASM 59 : Found opcode in column 1. (call)
Warning[203] D:\ELECTRONICA\TALLERES_VIRTUALES\TALLER1\PROGRAMAS\LCD_4BITS.X\PROGRAMA_PRINCIPAL.ASM 87 : Found opcode in column 1. (nop)
Warning[203] D:\ELECTRONICA\TALLERES_VIRTUALES\TALLER1\PROGRAMAS\LCD_4BITS.X\PROGRAMA_PRINCIPAL.ASM 88 : Found opcode in column 1. (GOTO)
Warning[203] D:\ELECTRONICA\TALLERES_VIRTUALES\TALLER1\PROGRAMAS\LCD_4BITS.X\PROGRAMA_PRINCIPAL.ASM 92 : Found opcode in column 1. (bsf)
Warning[203] D:\ELECTRONICA\TALLERES_VIRTUALES\TALLER1\PROGRAMAS\LCD_4BITS.X\PROGRAMA_PRINCIPAL.ASM 93 : Found opcode in column 1. (bcf)
Warning[203] D:\ELECTRONICA\TALLERES_VIRTUALES\TALLER1\PROGRAMAS\LCD_4BITS.X\PROGRAMA_PRINCIPAL.ASM 94 : Found opcode in column 1. (bcf)
Warning[203] D:\ELECTRONICA\TALLERES_VIRTUALES\TALLER1\PROGRAMAS\LCD_4BITS.X\PROGRAMA_PRINCIPAL.ASM 95 : Found opcode in column 1. (bcf)
Warning[203] D:\ELECTRONICA\TALLERES_VIRTUALES\TALLER1\PROGRAMAS\LCD_4BITS.X\PROGRAMA_PRINCIPAL.ASM 96 : Found opcode in column 1. (bcf)
Warning[203] D:\ELECTRONICA\TALLERES_VIRTUALES\TALLER1\PROGRAMAS\LCD_4BITS.X\PROGRAMA_PRINCIPAL.ASM 97 : Found opcode in column 1. (bcf)
Warning[203] D:\ELECTRONICA\TALLERES_VIRTUALES\TALLER1\PROGRAMAS\LCD_4BITS.X\PROGRAMA_PRINCIPAL.ASM 98 : Found opcode in column 1. (bcf)
Warning[203] D:\ELECTRONICA\TALLERES_VIRTUALES\TALLER1\PROGRAMAS\LCD_4BITS.X\PROGRAMA_PRINCIPAL.ASM 99 : Found opcode in column 1. (bcf)
Warning[203] D:\ELECTRONICA\TALLERES_VIRTUALES\TALLER1\PROGRAMAS\LCD_4BITS.X\PROGRAMA_PRINCIPAL.ASM 100 : Found opcode in column 1. (bcf)
Warning[203] D:\ELECTRONICA\TALLERES_VIRTUALES\TALLER1\PROGRAMAS\LCD_4BITS.X\PROGRAMA_PRINCIPAL.ASM 101 : Found opcode in column 1. (bcf)
Warning[203] D:\ELECTRONICA\TALLERES_VIRTUALES\TALLER1\PROGRAMAS\LCD_4BITS.X\PROGRAMA_PRINCIPAL.ASM 102 : Found opcode in column 1. (bcf)
Warning[203] D:\ELECTRONICA\TALLERES_VIRTUALES\TALLER1\PROGRAMAS\LCD_4BITS.X\PROGRAMA_PRINCIPAL.ASM 103 : Found opcode in column 1. (bcf)
Warning[203] D:\ELECTRONICA\TALLERES_VIRTUALES\TALLER1\PROGRAMAS\LCD_4BITS.X\PROGRAMA_PRINCIPAL.ASM 104 : Found opcode in column 1. (bcf)
Warning[203] D:\ELECTRONICA\TALLERES_VIRTUALES\TALLER1\PROGRAMAS\LCD_4BITS.X\PROGRAMA_PRINCIPAL.ASM 105 : Found opcode in column 1. (bcf)
Warning[203] D:\ELECTRONICA\TALLERES_VIRTUALES\TALLER1\PROGRAMAS\LCD_4BITS.X\PROGRAMA_PRINCIPAL.ASM 106 : Found opcode in column 1. (bcf)
Warning[203] D:\ELECTRONICA\TALLERES_VIRTUALES\TALLER1\PROGRAMAS\LCD_4BITS.X\PROGRAMA_PRINCIPAL.ASM 107 : Found opcode in column 1. (bcf)
Warning[203] D:\ELECTRONICA\TALLERES_VIRTUALES\TALLER1\PROGRAMAS\LCD_4BITS.X\PROGRAMA_PRINCIPAL.ASM 108 : Found opcode in column 1. (bcf)
Warning[203] D:\ELECTRONICA\TALLERES_VIRTUALES\TALLER1\PROGRAMAS\LCD_4BITS.X\PROGRAMA_PRINCIPAL.ASM 109 : Found opcode in column 1. (bcf)
Warning[203] D:\ELECTRONICA\TALLERES_VIRTUALES\TALLER1\PROGRAMAS\LCD_4BITS.X\PROGRAMA_PRINCIPAL.ASM 110 : Found opcode in column 1. (return)
Warning[203] D:\ELECTRONICA\TALLERES_VIRTUALES\TALLER1\PROGRAMAS\LCD_4BITS.X\PROGRAMA_PRINCIPAL.ASM 114 : Found opcode in column 1. (bcf)
Warning[203] D:\ELECTRONICA\TALLERES_VIRTUALES\TALLER1\PROGRAMAS\LCD_4BITS.X\PROGRAMA_PRINCIPAL.ASM 115 : Found opcode in column 1. (movlw)
Warning[203] D:\ELECTRONICA\TALLERES_VIRTUALES\TALLER1\PROGRAMAS\LCD_4BITS.X\PROGRAMA_PRINCIPAL.ASM 116 : Found opcode in column 1. (movwf)
Warning[219] D:\ELECTRONICA\TALLERES_VIRTUALES\TALLER1\PROGRAMAS\LCD_4BITS.X\PROGRAMA_PRINCIPAL.ASM 116 : Invalid RAM location specified.
Warning[203] D:\ELECTRONICA\TALLERES_VIRTUALES\TALLER1\PROGRAMAS\LCD_4BITS.X\PROGRAMA_PRINCIPAL.ASM 117 : Found opcode in column 1. (bsf)
Warning[203] D:\ELECTRONICA\TALLERES_VIRTUALES\TALLER1\PROGRAMAS\LCD_4BITS.X\PROGRAMA_PRINCIPAL.ASM 118 : Found opcode in column 1. (bsf)
Warning[203] D:\ELECTRONICA\TALLERES_VIRTUALES\TALLER1\PROGRAMAS\LCD_4BITS.X\PROGRAMA_PRINCIPAL.ASM 120 : Found opcode in column 1. (bsf)
Warning[203] D:\ELECTRONICA\TALLERES_VIRTUALES\TALLER1\PROGRAMAS\LCD_4BITS.X\PROGRAMA_PRINCIPAL.ASM 121 : Found opcode in column 1. (call)
Warning[203] D:\ELECTRONICA\TALLERES_VIRTUALES\TALLER1\PROGRAMAS\LCD_4BITS.X\PROGRAMA_PRINCIPAL.ASM 122 : Found opcode in column 1. (bcf)
Warning[203] D:\ELECTRONICA\TALLERES_VIRTUALES\TALLER1\PROGRAMAS\LCD_4BITS.X\PROGRAMA_PRINCIPAL.ASM 123 : Found opcode in column 1. (call)
Warning[203] D:\ELECTRONICA\TALLERES_VIRTUALES\TALLER1\PROGRAMAS\LCD_4BITS.X\PROGRAMA_PRINCIPAL.ASM 124 : Found opcode in column 1. (decfsz)
Message[305] D:\ELECTRONICA\TALLERES_VIRTUALES\TALLER1\PROGRAMAS\LCD_4BITS.X\PROGRAMA_PRINCIPAL.ASM 124 : Using default destination of 1 (file).
Warning[219] D:\ELECTRONICA\TALLERES_VIRTUALES\TALLER1\PROGRAMAS\LCD_4BITS.X\PROGRAMA_PRINCIPAL.ASM 124 : Invalid RAM location specified.
Warning[203] D:\ELECTRONICA\TALLERES_VIRTUALES\TALLER1\PROGRAMAS\LCD_4BITS.X\PROGRAMA_PRINCIPAL.ASM 125 : Found opcode in column 1. (goto)
Warning[203] D:\ELECTRONICA\TALLERES_VIRTUALES\TALLER1\PROGRAMAS\LCD_4BITS.X\PROGRAMA_PRINCIPAL.ASM 127 : Found opcode in column 1. (bcf)
Warning[203] D:\ELECTRONICA\TALLERES_VIRTUALES\TALLER1\PROGRAMAS\LCD_4BITS.X\PROGRAMA_PRINCIPAL.ASM 128 : Found opcode in column 1. (bsf)
Warning[203] D:\ELECTRONICA\TALLERES_VIRTUALES\TALLER1\PROGRAMAS\LCD_4BITS.X\PROGRAMA_PRINCIPAL.ASM 129 : Found opcode in column 1. (call)
Warning[203] D:\ELECTRONICA\TALLERES_VIRTUALES\TALLER1\PROGRAMAS\LCD_4BITS.X\PROGRAMA_PRINCIPAL.ASM 130 : Found opcode in column 1. (bcf)
Warning[203] D:\ELECTRONICA\TALLERES_VIRTUALES\TALLER1\PROGRAMAS\LCD_4BITS.X\PROGRAMA_PRINCIPAL.ASM 131 : Found opcode in column 1. (call)
Warning[203] D:\ELECTRONICA\TALLERES_VIRTUALES\TALLER1\PROGRAMAS\LCD_4BITS.X\PROGRAMA_PRINCIPAL.ASM 133 : Found opcode in column 1. (movlw)
Warning[203] D:\ELECTRONICA\TALLERES_VIRTUALES\TALLER1\PROGRAMAS\LCD_4BITS.X\PROGRAMA_PRINCIPAL.ASM 134 : Found opcode in column 1. (call)
Warning[203] D:\ELECTRONICA\TALLERES_VIRTUALES\TALLER1\PROGRAMAS\LCD_4BITS.X\PROGRAMA_PRINCIPAL.ASM 136 : Found opcode in column 1. (movlw)
Warning[203] D:\ELECTRONICA\TALLERES_VIRTUALES\TALLER1\PROGRAMAS\LCD_4BITS.X\PROGRAMA_PRINCIPAL.ASM 137 : Found opcode in column 1. (call)
Warning[203] D:\ELECTRONICA\TALLERES_VIRTUALES\TALLER1\PROGRAMAS\LCD_4BITS.X\PROGRAMA_PRINCIPAL.ASM 138 : Found opcode in column 1. (return)
Warning[203] D:\ELECTRONICA\TALLERES_VIRTUALES\TALLER1\PROGRAMAS\LCD_4BITS.X\PROGRAMA_PRINCIPAL.ASM 142 : Found opcode in column 1. (bcf)
Warning[203] D:\ELECTRONICA\TALLERES_VIRTUALES\TALLER1\PROGRAMAS\LCD_4BITS.X\PROGRAMA_PRINCIPAL.ASM 143 : Found opcode in column 1. (bcf)
Warning[203] D:\ELECTRONICA\TALLERES_VIRTUALES\TALLER1\PROGRAMAS\LCD_4BITS.X\PROGRAMA_PRINCIPAL.ASM 144 : Found opcode in column 1. (bcf)
Warning[203] D:\ELECTRONICA\TALLERES_VIRTUALES\TALLER1\PROGRAMAS\LCD_4BITS.X\PROGRAMA_PRINCIPAL.ASM 145 : Found opcode in column 1. (bcf)
Warning[203] D:\ELECTRONICA\TALLERES_VIRTUALES\TALLER1\PROGRAMAS\LCD_4BITS.X\PROGRAMA_PRINCIPAL.ASM 146 : Found opcode in column 1. (bcf)
Warning[203] D:\ELECTRONICA\TALLERES_VIRTUALES\TALLER1\PROGRAMAS\LCD_4BITS.X\PROGRAMA_PRINCIPAL.ASM 147 : Found opcode in column 1. (bcf)
Warning[203] D:\ELECTRONICA\TALLERES_VIRTUALES\TALLER1\PROGRAMAS\LCD_4BITS.X\PROGRAMA_PRINCIPAL.ASM 148 : Found opcode in column 1. (bcf)
Warning[203] D:\ELECTRONICA\TALLERES_VIRTUALES\TALLER1\PROGRAMAS\LCD_4BITS.X\PROGRAMA_PRINCIPAL.ASM 149 : Found opcode in column 1. (NOP)
Warning[203] D:\ELECTRONICA\TALLERES_VIRTUALES\TALLER1\PROGRAMAS\LCD_4BITS.X\PROGRAMA_PRINCIPAL.ASM 150 : Found opcode in column 1. (BCF)
Warning[203] D:\ELECTRONICA\TALLERES_VIRTUALES\TALLER1\PROGRAMAS\LCD_4BITS.X\PROGRAMA_PRINCIPAL.ASM 152 : Found opcode in column 1. (bsf)
Warning[203] D:\ELECTRONICA\TALLERES_VIRTUALES\TALLER1\PROGRAMAS\LCD_4BITS.X\PROGRAMA_PRINCIPAL.ASM 153 : Found opcode in column 1. (bsf)
Warning[203] D:\ELECTRONICA\TALLERES_VIRTUALES\TALLER1\PROGRAMAS\LCD_4BITS.X\PROGRAMA_PRINCIPAL.ASM 154 : Found opcode in column 1. (bcf)
Warning[203] D:\ELECTRONICA\TALLERES_VIRTUALES\TALLER1\PROGRAMAS\LCD_4BITS.X\PROGRAMA_PRINCIPAL.ASM 155 : Found opcode in column 1. (bsf)
Warning[203] D:\ELECTRONICA\TALLERES_VIRTUALES\TALLER1\PROGRAMAS\LCD_4BITS.X\PROGRAMA_PRINCIPAL.ASM 156 : Found opcode in column 1. (nop)
Warning[203] D:\ELECTRONICA\TALLERES_VIRTUALES\TALLER1\PROGRAMAS\LCD_4BITS.X\PROGRAMA_PRINCIPAL.ASM 157 : Found opcode in column 1. (btfsc)
Warning[203] D:\ELECTRONICA\TALLERES_VIRTUALES\TALLER1\PROGRAMAS\LCD_4BITS.X\PROGRAMA_PRINCIPAL.ASM 158 : Found opcode in column 1. (goto)
Warning[203] D:\ELECTRONICA\TALLERES_VIRTUALES\TALLER1\PROGRAMAS\LCD_4BITS.X\PROGRAMA_PRINCIPAL.ASM 159 : Found opcode in column 1. (bcf)
Warning[203] D:\ELECTRONICA\TALLERES_VIRTUALES\TALLER1\PROGRAMAS\LCD_4BITS.X\PROGRAMA_PRINCIPAL.ASM 160 : Found opcode in column 1. (bsf)
Warning[203] D:\ELECTRONICA\TALLERES_VIRTUALES\TALLER1\PROGRAMAS\LCD_4BITS.X\PROGRAMA_PRINCIPAL.ASM 161 : Found opcode in column 1. (bcf)
Warning[203] D:\ELECTRONICA\TALLERES_VIRTUALES\TALLER1\PROGRAMAS\LCD_4BITS.X\PROGRAMA_PRINCIPAL.ASM 162 : Found opcode in column 1. (bcf)
Warning[203] D:\ELECTRONICA\TALLERES_VIRTUALES\TALLER1\PROGRAMAS\LCD_4BITS.X\PROGRAMA_PRINCIPAL.ASM 163 : Found opcode in column 1. (return)
Warning[203] D:\ELECTRONICA\TALLERES_VIRTUALES\TALLER1\PROGRAMAS\LCD_4BITS.X\PROGRAMA_PRINCIPAL.ASM 167 : Found opcode in column 1. (bsf)
Warning[203] D:\ELECTRONICA\TALLERES_VIRTUALES\TALLER1\PROGRAMAS\LCD_4BITS.X\PROGRAMA_PRINCIPAL.ASM 168 : Found opcode in column 1. (nop)
Warning[203] D:\ELECTRONICA\TALLERES_VIRTUALES\TALLER1\PROGRAMAS\LCD_4BITS.X\PROGRAMA_PRINCIPAL.ASM 169 : Found opcode in column 1. (nop)
Warning[203] D:\ELECTRONICA\TALLERES_VIRTUALES\TALLER1\PROGRAMAS\LCD_4BITS.X\PROGRAMA_PRINCIPAL.ASM 170 : Found opcode in column 1. (bcf)
Warning[203] D:\ELECTRONICA\TALLERES_VIRTUALES\TALLER1\PROGRAMAS\LCD_4BITS.X\PROGRAMA_PRINCIPAL.ASM 171 : Found opcode in column 1. (return)
Warning[203] D:\ELECTRONICA\TALLERES_VIRTUALES\TALLER1\PROGRAMAS\LCD_4BITS.X\PROGRAMA_PRINCIPAL.ASM 176 : Found opcode in column 1. (movwf)
Warning[203] D:\ELECTRONICA\TALLERES_VIRTUALES\TALLER1\PROGRAMAS\LCD_4BITS.X\PROGRAMA_PRINCIPAL.ASM 177 : Found opcode in column 1. (bcf)
Warning[203] D:\ELECTRONICA\TALLERES_VIRTUALES\TALLER1\PROGRAMAS\LCD_4BITS.X\PROGRAMA_PRINCIPAL.ASM 178 : Found opcode in column 1. (btfsc)
Warning[203] D:\ELECTRONICA\TALLERES_VIRTUALES\TALLER1\PROGRAMAS\LCD_4BITS.X\PROGRAMA_PRINCIPAL.ASM 179 : Found opcode in column 1. (bsf)
Warning[203] D:\ELECTRONICA\TALLERES_VIRTUALES\TALLER1\PROGRAMAS\LCD_4BITS.X\PROGRAMA_PRINCIPAL.ASM 180 : Found opcode in column 1. (bcf)
Warning[203] D:\ELECTRONICA\TALLERES_VIRTUALES\TALLER1\PROGRAMAS\LCD_4BITS.X\PROGRAMA_PRINCIPAL.ASM 181 : Found opcode in column 1. (btfsc)
Warning[203] D:\ELECTRONICA\TALLERES_VIRTUALES\TALLER1\PROGRAMAS\LCD_4BITS.X\PROGRAMA_PRINCIPAL.ASM 182 : Found opcode in column 1. (bsf)
Warning[203] D:\ELECTRONICA\TALLERES_VIRTUALES\TALLER1\PROGRAMAS\LCD_4BITS.X\PROGRAMA_PRINCIPAL.ASM 183 : Found opcode in column 1. (bcf)
Warning[203] D:\ELECTRONICA\TALLERES_VIRTUALES\TALLER1\PROGRAMAS\LCD_4BITS.X\PROGRAMA_PRINCIPAL.ASM 184 : Found opcode in column 1. (btfsc)
Warning[203] D:\ELECTRONICA\TALLERES_VIRTUALES\TALLER1\PROGRAMAS\LCD_4BITS.X\PROGRAMA_PRINCIPAL.ASM 185 : Found opcode in column 1. (bsf)
Warning[203] D:\ELECTRONICA\TALLERES_VIRTUALES\TALLER1\PROGRAMAS\LCD_4BITS.X\PROGRAMA_PRINCIPAL.ASM 186 : Found opcode in column 1. (bcf)
Warning[203] D:\ELECTRONICA\TALLERES_VIRTUALES\TALLER1\PROGRAMAS\LCD_4BITS.X\PROGRAMA_PRINCIPAL.ASM 187 : Found opcode in column 1. (btfsc)
Warning[203] D:\ELECTRONICA\TALLERES_VIRTUALES\TALLER1\PROGRAMAS\LCD_4BITS.X\PROGRAMA_PRINCIPAL.ASM 188 : Found opcode in column 1. (bsf)
Warning[203] D:\ELECTRONICA\TALLERES_VIRTUALES\TALLER1\PROGRAMAS\LCD_4BITS.X\PROGRAMA_PRINCIPAL.ASM 189 : Found opcode in column 1. (call)
Warning[203] D:\ELECTRONICA\TALLERES_VIRTUALES\TALLER1\PROGRAMAS\LCD_4BITS.X\PROGRAMA_PRINCIPAL.ASM 191 : Found opcode in column 1. (bcf)
Warning[203] D:\ELECTRONICA\TALLERES_VIRTUALES\TALLER1\PROGRAMAS\LCD_4BITS.X\PROGRAMA_PRINCIPAL.ASM 192 : Found opcode in column 1. (btfsc)
Warning[203] D:\ELECTRONICA\TALLERES_VIRTUALES\TALLER1\PROGRAMAS\LCD_4BITS.X\PROGRAMA_PRINCIPAL.ASM 193 : Found opcode in column 1. (bsf)
Warning[203] D:\ELECTRONICA\TALLERES_VIRTUALES\TALLER1\PROGRAMAS\LCD_4BITS.X\PROGRAMA_PRINCIPAL.ASM 194 : Found opcode in column 1. (bcf)
Warning[203] D:\ELECTRONICA\TALLERES_VIRTUALES\TALLER1\PROGRAMAS\LCD_4BITS.X\PROGRAMA_PRINCIPAL.ASM 195 : Found opcode in column 1. (btfsc)
Warning[203] D:\ELECTRONICA\TALLERES_VIRTUALES\TALLER1\PROGRAMAS\LCD_4BITS.X\PROGRAMA_PRINCIPAL.ASM 196 : Found opcode in column 1. (bsf)
Warning[203] D:\ELECTRONICA\TALLERES_VIRTUALES\TALLER1\PROGRAMAS\LCD_4BITS.X\PROGRAMA_PRINCIPAL.ASM 197 : Found opcode in column 1. (bcf)
Warning[203] D:\ELECTRONICA\TALLERES_VIRTUALES\TALLER1\PROGRAMAS\LCD_4BITS.X\PROGRAMA_PRINCIPAL.ASM 198 : Found opcode in column 1. (btfsc)
Warning[203] D:\ELECTRONICA\TALLERES_VIRTUALES\TALLER1\PROGRAMAS\LCD_4BITS.X\PROGRAMA_PRINCIPAL.ASM 199 : Found opcode in column 1. (bsf)
Warning[203] D:\ELECTRONICA\TALLERES_VIRTUALES\TALLER1\PROGRAMAS\LCD_4BITS.X\PROGRAMA_PRINCIPAL.ASM 200 : Found opcode in column 1. (bcf)
Warning[203] D:\ELECTRONICA\TALLERES_VIRTUALES\TALLER1\PROGRAMAS\LCD_4BITS.X\PROGRAMA_PRINCIPAL.ASM 201 : Found opcode in column 1. (btfsc)
Warning[203] D:\ELECTRONICA\TALLERES_VIRTUALES\TALLER1\PROGRAMAS\LCD_4BITS.X\PROGRAMA_PRINCIPAL.ASM 202 : Found opcode in column 1. (bsf)
Warning[203] D:\ELECTRONICA\TALLERES_VIRTUALES\TALLER1\PROGRAMAS\LCD_4BITS.X\PROGRAMA_PRINCIPAL.ASM 203 : Found opcode in column 1. (call)
Warning[203] D:\ELECTRONICA\TALLERES_VIRTUALES\TALLER1\PROGRAMAS\LCD_4BITS.X\PROGRAMA_PRINCIPAL.ASM 204 : Found opcode in column 1. (return)
Warning[203] D:\ELECTRONICA\TALLERES_VIRTUALES\TALLER1\PROGRAMAS\LCD_4BITS.X\PROGRAMA_PRINCIPAL.ASM 208 : Found opcode in column 1. (call)
Warning[203] D:\ELECTRONICA\TALLERES_VIRTUALES\TALLER1\PROGRAMAS\LCD_4BITS.X\PROGRAMA_PRINCIPAL.ASM 209 : Found opcode in column 1. (bcf)
Warning[203] D:\ELECTRONICA\TALLERES_VIRTUALES\TALLER1\PROGRAMAS\LCD_4BITS.X\PROGRAMA_PRINCIPAL.ASM 210 : Found opcode in column 1. (bcf)
Warning[203] D:\ELECTRONICA\TALLERES_VIRTUALES\TALLER1\PROGRAMAS\LCD_4BITS.X\PROGRAMA_PRINCIPAL.ASM 211 : Found opcode in column 1. (call)
Warning[203] D:\ELECTRONICA\TALLERES_VIRTUALES\TALLER1\PROGRAMAS\LCD_4BITS.X\PROGRAMA_PRINCIPAL.ASM 212 : Found opcode in column 1. (return)
Warning[203] D:\ELECTRONICA\TALLERES_VIRTUALES\TALLER1\PROGRAMAS\LCD_4BITS.X\PROGRAMA_PRINCIPAL.ASM 216 : Found opcode in column 1. (call)
Warning[203] D:\ELECTRONICA\TALLERES_VIRTUALES\TALLER1\PROGRAMAS\LCD_4BITS.X\PROGRAMA_PRINCIPAL.ASM 217 : Found opcode in column 1. (bcf)
Warning[203] D:\ELECTRONICA\TALLERES_VIRTUALES\TALLER1\PROGRAMAS\LCD_4BITS.X\PROGRAMA_PRINCIPAL.ASM 218 : Found opcode in column 1. (bsf)
Warning[203] D:\ELECTRONICA\TALLERES_VIRTUALES\TALLER1\PROGRAMAS\LCD_4BITS.X\PROGRAMA_PRINCIPAL.ASM 219 : Found opcode in column 1. (call)
Warning[203] D:\ELECTRONICA\TALLERES_VIRTUALES\TALLER1\PROGRAMAS\LCD_4BITS.X\PROGRAMA_PRINCIPAL.ASM 220 : Found opcode in column 1. (return)
Warning[205] D:\ELECTRONICA\TALLERES_VIRTUALES\TALLER1\PROGRAMAS\LCD_4BITS.X\PROGRAMA_PRINCIPAL.ASM 222 : Found directive in column 1. (INCLUDE)
Message[313] D:\ELECTRONICA\TALLERES_VIRTUALES\TALLER1\PROGRAMAS\LCD_4BITS.X\RETARDOS.INC 20 : CBLOCK constants will start with a value of 0.
Warning[205] D:\ELECTRONICA\TALLERES_VIRTUALES\TALLER1\PROGRAMAS\LCD_4BITS.X\PROGRAMA_PRINCIPAL.ASM 224 : Found directive in column 1. (end)
