MPASM 5.84            PROGRAMA_PRINCIPAL.ASM   5-5-2020  12:38:32         PAGE  1


LOC  OBJECT CODE     LINE SOURCE TEXT
  VALUE

                      00001 
                      00002 ; PIC16F648A Configuration Bit Settings
                      00003 
                      00004 ; Assembly source line config statements
                      00005 
                      00006 #include "p16f648a.inc"
                      00001         LIST
                      00002 
                      00003 ;==========================================================================
                      00004 ; Build date : Mar 17 2019
                      00005 ;  MPASM PIC16F648A processor include
                      00006 ; 
                      00007 ;  (c) Copyright 1999-2019 Microchip Technology, All rights reserved
                      00008 ;==========================================================================
                      00009 
                      00385         LIST
                      00007 
                      00008 ; CONFIG
                      00009 ; __config 0xFF25
2007   3F25           00010  __CONFIG _FOSC_XT & _WDTE_ON & _PWRTE_ON & _MCLRE_ON & _BOREN_OFF & _LVP_OFF & _CPD_OFF & _CP_OFF
                      00011 
                      00012 ;**** Declaración de Registros ****
  0000000C            00013 LCD_Dato EQU    0X0C
  0000000D            00014 Loop     EQU    0X0D
                      00015 
  00000000            00016 RS      equ     0
  00000001            00017 RW      equ     1
  00000002            00018 E       equ     2
  00000003            00019 BACK    equ     3
                      00020  
  00000004            00021 D4      equ     4
  00000005            00022 D5      equ     5
  00000006            00023 D6      equ     6
  00000007            00024 D7_BF   equ     7
                      00025 ;**** Declaracion de Bytes del LCD ****
  00000005            00026 LCD_PORT_Control        equ     PORTA   ; PORTA para control del LCD
  00000006            00027 LCD_PORT_Data   equ     PORTB   ; PORTB para envio de Datos al LCD
  00000085            00028 LCD_TRIS_Control        equ     0x85    ; TRISA
  00000086            00029 LCD_TRIS_Data   equ     0x86    ; TRISB
                      00030 ; **** Comandos de Software para la LCD ****
  00000080            00031 LCDLinea1       equ     0x80    ; Dirección comienzo línea1
  000000C0            00032 LCDLinea2       equ     0xC0    ; Dirección comienzo línea2
  00000001            00033 LCDClr  equ     0x01    ; Borra pantalla, cursor a Inicio
  00000002            00034 LCDInicio       equ     0x02    ; Cursor a Inicio, DDRAM sin cambios
  00000006            00035 LCDInc  equ     0x06    ; Modo incrementa cursor
  00000004            00036 LCDDec  equ     0x04    ; Modo decrementa cursor
  0000000C            00037 LCDOn   equ     0x0C    ; Pantalla On
  00000008            00038 LCDOff  equ     0x08    ; Pantalla Off
  0000000E            00039 CursOn  equ     0x0E    ; Pantalla On, cursor On
  0000000C            00040 CursOff equ     0x0C    ; Pantalla On, cursor Off
  0000000F            00041 CursBlink       equ     0x0F    ; Pantalla On, Cursor parpadeante
  00000010            00042 CurIzda equ     0x10    ; Mueve cursor a la izquierda
  00000014            00043 CurDecha        equ     0x14    ; Mueve cursor a la derecha
MPASM 5.84            PROGRAMA_PRINCIPAL.ASM   5-5-2020  12:38:32         PAGE  2


LOC  OBJECT CODE     LINE SOURCE TEXT
  VALUE

  00000018            00044 DisIzda equ     0x18    ; Mueve Display a la izquierda
  0000001C            00045 DisDecha        equ     0x1C    ; Mueve Display a la Derecha
  00000028            00046 LCDBus_4_2      equ     0x28    ; Bus 4 bits, 2 líneas, 5x7
                      00047 ;**** Definiciones para el ensamblador ****
                      00048 #DEFINE LCD_E   LCD_PORT_Control,E
                      00049 #DEFINE LCD_RS  LCD_PORT_Control,RS
                      00050 #DEFINE LCD_RW  LCD_PORT_Control,RW
                      00051 #DEFINE LCD_D4  LCD_PORT_Data,D4
                      00052 #DEFINE LCD_D5  LCD_PORT_Data,D5
                      00053 #DEFINE LCD_D6  LCD_PORT_Data,D6
                      00054 #DEFINE LCD_D7_BF       LCD_PORT_Data,D7_BF
                      00055 #DEFINE LCD_backlight   LCD_PORT_Control,BACK   ; Control Backligth.-
                      00056 ;**** Definición de macros ****
                      00057 LCD_Putc macro Carac
                      00058 movlw   Carac
                      00059 call    LCD_Caracter
Warning[205]: Found directive in column 1. (endm)
                      00060 endm
                      00061 LCD_Putd macro Coman
                      00062 movlw   Coman
                      00063 call    LCD_Comando
Warning[205]: Found directive in column 1. (endm)
                      00064 endm
                      00065 ;//////////////////////////////////////////////////////////
                      00066 ;**** Inicio del Micro ****
Warning[205]: Found directive in column 1. (org)
                      00067 org     0x00
Warning[203]: Found opcode in column 1. (goto)
0000   2???           00068 goto    Inicio
                      00069 ;**** Programa principal ****
Warning[205]: Found directive in column 1. (org)
                      00070 org     0x05
0005                  00071 Inicio
Warning[203]: Found opcode in column 1. (MOVLW)
0005   3007           00072 MOVLW   B'00000111'
Warning[203]: Found opcode in column 1. (MOVWF)
0006   009F           00073 MOVWF   CMCON; DIGITALES
Warning[203]: Found opcode in column 1. (call)
0007   2???           00074 call    LCD_Config_puertos      ; Configuramos Puertos a utilizar por LCD.-
Warning[203]: Found opcode in column 1. (call)
0008   2???           00075 call    LCD_Init        ; Inicializamos LCD.-
Warning[203]: Found opcode in column 1. (bsf)
0009   1585           00076 bsf     LCD_backlight   ; Prendemos Backlight.-
                      00077 ;LCD_Putd CursBlink     ; Cursor Parpadeante.-
Warning[203]: Found opcode in column 1. (MOVLW)
000A   3049           00078 MOVLW   'I'     ; Escribimos en LCD.-
Warning[203]: Found opcode in column 1. (CALL)
000B   2???           00079 CALL    LCD_Caracter
Warning[206]: Found call to macro in column 1. (LCD_Putc)
                      00080 LCD_Putc 'n'
Warning[203]: Found opcode in column 1. (movlw)
000C   306E               M movlw   'n'
Warning[203]: Found opcode in column 1. (call)
MPASM 5.84            PROGRAMA_PRINCIPAL.ASM   5-5-2020  12:38:32         PAGE  3


LOC  OBJECT CODE     LINE SOURCE TEXT
  VALUE

000D   2???               M call    LCD_Caracter
Warning[206]: Found call to macro in column 1. (LCD_Putc)
                      00081 LCD_Putc 'f'
Warning[203]: Found opcode in column 1. (movlw)
000E   3066               M movlw   'f'
Warning[203]: Found opcode in column 1. (call)
000F   2???               M call    LCD_Caracter
Warning[206]: Found call to macro in column 1. (LCD_Putc)
                      00082 LCD_Putc 'o'
Warning[203]: Found opcode in column 1. (movlw)
0010   306F               M movlw   'o'
Warning[203]: Found opcode in column 1. (call)
0011   2???               M call    LCD_Caracter
Warning[206]: Found call to macro in column 1. (LCD_Putc)
                      00083 LCD_Putc 'P'
Warning[203]: Found opcode in column 1. (movlw)
0012   3050               M movlw   'P'
Warning[203]: Found opcode in column 1. (call)
0013   2???               M call    LCD_Caracter
Warning[206]: Found call to macro in column 1. (LCD_Putc)
                      00084 LCD_Putc 'I'
Warning[203]: Found opcode in column 1. (movlw)
0014   3049               M movlw   'I'
Warning[203]: Found opcode in column 1. (call)
0015   2???               M call    LCD_Caracter
Warning[206]: Found call to macro in column 1. (LCD_Putc)
                      00085 LCD_Putc 'C'
Warning[203]: Found opcode in column 1. (movlw)
0016   3043               M movlw   'C'
Warning[203]: Found opcode in column 1. (call)
0017   2???               M call    LCD_Caracter
0018                  00086 Bucle
Warning[203]: Found opcode in column 1. (nop)
0018   0000           00087 nop
Warning[203]: Found opcode in column 1. (GOTO)
0019   2???           00088 GOTO    Bucle   ; Bucle Infinito.-
                      00089 
                      00090 ;**** Configuracion de puertos ****
001A                  00091 LCD_Config_puertos
Warning[203]: Found opcode in column 1. (bsf)
001A   1683           00092 bsf     STATUS,RP0      ; Seleccionamos Banco 1.-
Warning[203]: Found opcode in column 1. (bcf)
001B   1005           00093 bcf     LCD_RS  ; Colocamos todas las lineas de control y bus como Salidas.-
Warning[203]: Found opcode in column 1. (bcf)
001C   1085           00094 bcf     LCD_RW  
Warning[203]: Found opcode in column 1. (bcf)
001D   1105           00095 bcf     LCD_E   
Warning[203]: Found opcode in column 1. (bcf)
001E   1206           00096 bcf     LCD_D4  
Warning[203]: Found opcode in column 1. (bcf)
001F   1286           00097 bcf     LCD_D5  
Warning[203]: Found opcode in column 1. (bcf)
0020   1306           00098 bcf     LCD_D6  
MPASM 5.84            PROGRAMA_PRINCIPAL.ASM   5-5-2020  12:38:32         PAGE  4


LOC  OBJECT CODE     LINE SOURCE TEXT
  VALUE

Warning[203]: Found opcode in column 1. (bcf)
0021   1386           00099 bcf     LCD_D7_BF       
Warning[203]: Found opcode in column 1. (bcf)
0022   1185           00100 bcf     LCD_backlight   
Warning[203]: Found opcode in column 1. (bcf)
0023   1283           00101 bcf     STATUS,RP0      ;       Volvemos an Banco       0.-
Warning[203]: Found opcode in column 1. (bcf)
0024   1005           00102 bcf     LCD_RS  
Warning[203]: Found opcode in column 1. (bcf)
0025   1085           00103 bcf     LCD_RW  
Warning[203]: Found opcode in column 1. (bcf)
0026   1105           00104 bcf     LCD_E   
Warning[203]: Found opcode in column 1. (bcf)
0027   1206           00105 bcf     LCD_D4  
Warning[203]: Found opcode in column 1. (bcf)
0028   1286           00106 bcf     LCD_D5  
Warning[203]: Found opcode in column 1. (bcf)
0029   1306           00107 bcf     LCD_D6  
Warning[203]: Found opcode in column 1. (bcf)
002A   1386           00108 bcf     LCD_D7_BF       
Warning[203]: Found opcode in column 1. (bcf)
002B   1185           00109 bcf     LCD_backlight   
Warning[203]: Found opcode in column 1. (return)
002C   0008           00110 return          
                      00111 ;...................................
                      00112 ;**** Inicializacion de LCD ****
002D                  00113 LCD_Init
Warning[203]: Found opcode in column 1. (bcf)
002D   1283           00114 bcf     STATUS,RP0      ; Aseguramos Banco 0.-
Warning[203]: Found opcode in column 1. (movlw)
002E   3003           00115 movlw   0x03    
Warning[203]: Found opcode in column 1. (movwf)
Warning[219]: Invalid RAM location specified.
002F   008D           00116 movwf   Loop    
Warning[203]: Found opcode in column 1. (bsf)
0030   1606           00117 bsf     LCD_D4  ;<D7 D6 D5 D4> = 0011.-
Warning[203]: Found opcode in column 1. (bsf)
0031   1686           00118 bsf     LCD_D5  
                      00119 ;.... se ejecuta 3 veces el siguiente bloque ....
Warning[203]: Found opcode in column 1. (bsf)
0032   1505           00120 bsf     LCD_E
Warning[203]: Found opcode in column 1. (call)
0033   2???           00121 call    Retardo_5ms     
Warning[203]: Found opcode in column 1. (bcf)
0034   1105           00122 bcf     LCD_E
Warning[203]: Found opcode in column 1. (call)
0035   2???           00123 call    Retardo_5ms     
Warning[203]: Found opcode in column 1. (decfsz)
Message[305]: Using default destination of 1 (file).
Warning[219]: Invalid RAM location specified.
0036   0B8D           00124 decfsz Loop
Warning[203]: Found opcode in column 1. (goto)
0037   2???           00125 goto    $-5
MPASM 5.84            PROGRAMA_PRINCIPAL.ASM   5-5-2020  12:38:32         PAGE  5


LOC  OBJECT CODE     LINE SOURCE TEXT
  VALUE

                      00126 ;.... Interfase de 4 bits ....
Warning[203]: Found opcode in column 1. (bcf)
0038   1206           00127 bcf     LCD_D4  ;<D7 D6 D5 D4> = 0010.-
Warning[203]: Found opcode in column 1. (bsf)
0039   1505           00128 bsf     LCD_E
Warning[203]: Found opcode in column 1. (call)
003A   2???           00129 call    Retardo_5ms     
Warning[203]: Found opcode in column 1. (bcf)
003B   1105           00130 bcf     LCD_E
Warning[203]: Found opcode in column 1. (call)
003C   2???           00131 call    Retardo_5ms     
                      00132 ;.... Sistema -> << Bus de 4 bits, 2 lineas, 5x7>>.-
Warning[203]: Found opcode in column 1. (movlw)
003D   3028           00133 movlw   LCDBus_4_2
Warning[203]: Found opcode in column 1. (call)
003E   2???           00134 call    LCD_Comando
                      00135 ;....Limpia display y retorna al origen ....
Warning[203]: Found opcode in column 1. (movlw)
003F   3001           00136 movlw   LCDClr
Warning[203]: Found opcode in column 1. (call)
0040   2???           00137 call    LCD_Comando
Warning[203]: Found opcode in column 1. (return)
0041   0008           00138 return
                      00139 ;.........................................
                      00140 ;**** Lee Estado del LCD ****
0042                  00141 LCD_Bandera
Warning[203]: Found opcode in column 1. (bcf)
0042   1085           00142 bcf     LCD_RW  
Warning[203]: Found opcode in column 1. (bcf)
0043   1005           00143 bcf     LCD_RS  
Warning[203]: Found opcode in column 1. (bcf)
0044   1105           00144 bcf     LCD_E   
Warning[203]: Found opcode in column 1. (bcf)
0045   1206           00145 bcf     LCD_D4  
Warning[203]: Found opcode in column 1. (bcf)
0046   1286           00146 bcf     LCD_D5  
Warning[203]: Found opcode in column 1. (bcf)
0047   1306           00147 bcf     LCD_D6  
Warning[203]: Found opcode in column 1. (bcf)
0048   1386           00148 bcf     LCD_D7_BF       
Warning[203]: Found opcode in column 1. (NOP)
0049   0000           00149 NOP
Warning[203]: Found opcode in column 1. (BCF)
004A   1085           00150 BCF     LCD_RW
                      00151 ; Modo Lectura.-        
Warning[203]: Found opcode in column 1. (bsf)
004B   1683           00152 bsf     STATUS,RP0      ;       Banco 1.-
Warning[203]: Found opcode in column 1. (bsf)
004C   1786           00153 bsf     LCD_D7_BF       ;       Configura TRIS para recibir estado del          
Warning[203]: Found opcode in column 1. (bcf)
004D   1283           00154 bcf     STATUS,RP0      ;       Banco 1.-
Warning[203]: Found opcode in column 1. (bsf)
004E   1505           00155 bsf     LCD_E           
MPASM 5.84            PROGRAMA_PRINCIPAL.ASM   5-5-2020  12:38:32         PAGE  6


LOC  OBJECT CODE     LINE SOURCE TEXT
  VALUE

Warning[203]: Found opcode in column 1. (nop)
004F   0000           00156 nop                     
Warning[203]: Found opcode in column 1. (btfsc)
0050   1B86           00157 btfsc   LCD_D7_BF       ;       Lee estado del LCD, 1-> Ocupado.-
Warning[203]: Found opcode in column 1. (goto)
0051   2???           00158 goto    $-1     ;       Esperamos a que se desocupe.-
Warning[203]: Found opcode in column 1. (bcf)
0052   1105           00159 bcf     LCD_E   ;       LCD_D7/BF->0, seguimos adelante.-
Warning[203]: Found opcode in column 1. (bsf)
0053   1683           00160 bsf     STATUS,RP0      ;       Banco 1.-
Warning[203]: Found opcode in column 1. (bcf)
0054   1386           00161 bcf     LCD_D7_BF       ;       Reconfigura TRIS para envio de Data.-
Warning[203]: Found opcode in column 1. (bcf)
0055   1283           00162 bcf     STATUS,RP0      ;       Banco 1.-
Warning[203]: Found opcode in column 1. (return)
0056   0008           00163 return                  
                      00164 ;.............................
                      00165 ;**** Envia pulso Enable ****
0057                  00166 LCD_Enable
Warning[203]: Found opcode in column 1. (bsf)
0057   1505           00167 bsf     LCD_E
Warning[203]: Found opcode in column 1. (nop)
0058   0000           00168 nop
Warning[203]: Found opcode in column 1. (nop)
0059   0000           00169 nop
Warning[203]: Found opcode in column 1. (bcf)
005A   1105           00170 bcf     LCD_E
Warning[203]: Found opcode in column 1. (return)
005B   0008           00171 return
                      00172 ;.............................
                      00173 ;**** Envia Dato al LCD ****
                      00174 ;*** Previamente configurado como Comando o como Caracter.-
005C                  00175 LCD_Envio_Data
Warning[203]: Found opcode in column 1. (movwf)
005C   008C           00176 movwf   LCD_Dato        ;       Guardamos Dato a enviar.-
Warning[203]: Found opcode in column 1. (bcf)
005D   1206           00177 bcf     LCD_D4  ;       Cargamos un cero.-
Warning[203]: Found opcode in column 1. (btfsc)
005E   1A0C           00178 btfsc   LCD_Dato,4      ;       
Warning[203]: Found opcode in column 1. (bsf)
005F   1606           00179 bsf     LCD_D4                  
Warning[203]: Found opcode in column 1. (bcf)
0060   1286           00180 bcf     LCD_D5  ;               
Warning[203]: Found opcode in column 1. (btfsc)
0061   1A8C           00181 btfsc   LCD_Dato,5                      
Warning[203]: Found opcode in column 1. (bsf)
0062   1686           00182 bsf     LCD_D5                  
Warning[203]: Found opcode in column 1. (bcf)
0063   1306           00183 bcf     LCD_D6  ;               
Warning[203]: Found opcode in column 1. (btfsc)
0064   1B0C           00184 btfsc   LCD_Dato,6                      
Warning[203]: Found opcode in column 1. (bsf)
0065   1706           00185 bsf     LCD_D6                  
MPASM 5.84            PROGRAMA_PRINCIPAL.ASM   5-5-2020  12:38:32         PAGE  7


LOC  OBJECT CODE     LINE SOURCE TEXT
  VALUE

Warning[203]: Found opcode in column 1. (bcf)
0066   1386           00186 bcf     LCD_D7_BF       ;               
Warning[203]: Found opcode in column 1. (btfsc)
0067   1B8C           00187 btfsc   LCD_Dato,7                      
Warning[203]: Found opcode in column 1. (bsf)
0068   1786           00188 bsf     LCD_D7_BF                       
Warning[203]: Found opcode in column 1. (call)
0069   2???           00189 call    LCD_Enable      ;       Habilitamos LCD para recepcion de       Data.-
                      00190                         ;       CARGAMOS NIBLE BAJO EN PUERTO.- 
Warning[203]: Found opcode in column 1. (bcf)
006A   1206           00191 bcf     LCD_D4  ;       Cargamos un cero.-      
Warning[203]: Found opcode in column 1. (btfsc)
006B   180C           00192 btfsc   LCD_Dato,0      ;       Si es 1, modificamos a uno, sino        
Warning[203]: Found opcode in column 1. (bsf)
006C   1606           00193 bsf     LCD_D4  
Warning[203]: Found opcode in column 1. (bcf)
006D   1286           00194 bcf     LCD_D5  ;
Warning[203]: Found opcode in column 1. (btfsc)
006E   188C           00195 btfsc   LCD_Dato,1      
Warning[203]: Found opcode in column 1. (bsf)
006F   1686           00196 bsf     LCD_D5          
Warning[203]: Found opcode in column 1. (bcf)
0070   1306           00197 bcf     LCD_D6  ;       
Warning[203]: Found opcode in column 1. (btfsc)
0071   190C           00198 btfsc   LCD_Dato,2              
Warning[203]: Found opcode in column 1. (bsf)
0072   1706           00199 bsf     LCD_D6          
Warning[203]: Found opcode in column 1. (bcf)
0073   1386           00200 bcf     LCD_D7_BF       ;       
Warning[203]: Found opcode in column 1. (btfsc)
0074   198C           00201 btfsc   LCD_Dato,3              
Warning[203]: Found opcode in column 1. (bsf)
0075   1786           00202 bsf     LCD_D7_BF               
Warning[203]: Found opcode in column 1. (call)
0076   2???           00203 call    LCD_Enable      ; Habilitamos LCD para recepcion de     Data.-
Warning[203]: Found opcode in column 1. (return)
0077   0008           00204 return                  
                      00205 
                      00206 ;**** Envia Comando al LCD ****
0078                  00207 LCD_Comando
Warning[203]: Found opcode in column 1. (call)
0078   2???           00208 call    LCD_Bandera     ;Controla si el LCD esta en condiciones de recibir un nuevo dato.-
Warning[203]: Found opcode in column 1. (bcf)
0079   1085           00209 bcf     LCD_RW  ; Modo escritura.-
Warning[203]: Found opcode in column 1. (bcf)
007A   1005           00210 bcf     LCD_RS  ; Se enviara Comando.-
Warning[203]: Found opcode in column 1. (call)
007B   2???           00211 call    LCD_Envio_Data ; Envio Comando.-
Warning[203]: Found opcode in column 1. (return)
007C   0008           00212 return
                      00213 ;.............................
                      00214 ;**** Envia Caracter al LCD ****
007D                  00215 LCD_Caracter
MPASM 5.84            PROGRAMA_PRINCIPAL.ASM   5-5-2020  12:38:32         PAGE  8


LOC  OBJECT CODE     LINE SOURCE TEXT
  VALUE

Warning[203]: Found opcode in column 1. (call)
007D   2???           00216 call    LCD_Bandera     ;Controla si el LCD esta en condiciones de recibir un nuevo dato.-
Warning[203]: Found opcode in column 1. (bcf)
007E   1085           00217 bcf     LCD_RW  ; Modo escritura.-
Warning[203]: Found opcode in column 1. (bsf)
007F   1405           00218 bsf     LCD_RS  ; Se enviara Caracter.-
Warning[203]: Found opcode in column 1. (call)
0080   2???           00219 call    LCD_Envio_Data ; Envio Caracter.-
Warning[203]: Found opcode in column 1. (return)
0081   0008           00220 return
                      00221                         
Warning[205]: Found directive in column 1. (INCLUDE)
                      00222 INCLUDE "Retardos.inc"
                      00001 ;**************************** Librería "RETARDOS.INC" *********************************
                      00002 ;
                      00003 ;       ===================================================================
                      00004 ;         Del libro "MICROCONTROLADOR PIC16F84. DESARROLLO DE PROYECTOS"
                      00005 ;         E. Palacios, F. Remiro y L. López.
                      00006 ;         Editorial Ra-Ma.  www.ra-ma.es
                      00007 ;       ===================================================================
                      00008 ;
                      00009 ; Librería con múltiples subrutinas de retardos, desde 4 microsegundos hasta 20 segundos. 
                      00010 ; Además se pueden implementar otras subrutinas muy fácilmente.
                      00011 ;
                      00012 ; Se han calculado para un sistema microcontrolador con un PIC trabajando con un cristal
                      00013 ; de cuarzo a 4 MHz. Como cada ciclo máquina son 4 ciclos de reloj, resulta que cada
                      00014 ; ciclo máquina tarda 4 x 1/4MHz = 1 µs.
                      00015 ;
                      00016 ; En los comentarios, "cm" significa "ciclos máquina".
                      00017 ;
                      00018 ; ZONA DE DATOS *********************************************************************
                      00019 
Message[313]: CBLOCK constants will start with a value of 0.
                      00020         CBLOCK
  00000000            00021         R_ContA                         ; Contadores para los retardos.
  00000001            00022         R_ContB
  00000002            00023         R_ContC
                      00024         ENDC
                      00025 ;
                      00026 ; RETARDOS de 4 hasta 10 microsegundos ---------------------------------------------------
                      00027 ;
                      00028 ; A continuación retardos pequeños teniendo en cuenta que para una frecuencia de 4 MHZ,
                      00029 ; la llamada a subrutina "call" tarda 2 ciclos máquina, el retorno de subrutina
                      00030 ; "return" toma otros 2 ciclos máquina y cada instrucción "nop" tarda 1 ciclo máquina.
                      00031 ;
0082                  00032 Retardo_10micros                                ; La llamada "call" aporta 2 ciclos máquina.
0082   0000           00033         nop                             ; Aporta 1 ciclo máquina.
0083   0000           00034         nop                             ; Aporta 1 ciclo máquina.
0084   0000           00035         nop                             ; Aporta 1 ciclo máquina.
0085   0000           00036         nop                             ; Aporta 1 ciclo máquina.
0086   0000           00037         nop                             ; Aporta 1 ciclo máquina.
0087                  00038 Retardo_5micros                         ; La llamada "call" aporta 2 ciclos máquina.
0087   0000           00039         nop                             ; Aporta 1 ciclo máquina.
MPASM 5.84            PROGRAMA_PRINCIPAL.ASM   5-5-2020  12:38:32         PAGE  9


LOC  OBJECT CODE     LINE SOURCE TEXT
  VALUE

0088                  00040 Retardo_4micros                         ; La llamada "call" aporta 2 ciclos máquina.
0088   0008           00041         return                          ; El salto del retorno aporta 2 ciclos máquina.
                      00042 ;
                      00043 ; RETARDOS de 20 hasta 500 microsegundos ------------------------------------------------
                      00044 ;
0089                  00045 Retardo_500micros                               ; La llamada "call" aporta 2 ciclos máquina.
0089   0000           00046         nop                             ; Aporta 1 ciclo máquina.
008A   30A4           00047         movlw   d'164'                  ; Aporta 1 ciclo máquina. Este es el valor de "K".
008B   2???           00048         goto    RetardoMicros           ; Aporta 2 ciclos máquina.
008C                  00049 Retardo_200micros                               ; La llamada "call" aporta 2 ciclos máquina.
008C   0000           00050         nop                             ; Aporta 1 ciclo máquina.
008D   3040           00051         movlw   d'64'                   ; Aporta 1 ciclo máquina. Este es el valor de "K".
008E   2???           00052         goto    RetardoMicros           ; Aporta 2 ciclos máquina.
008F                  00053 Retardo_100micros                               ; La llamada "call" aporta 2 ciclos máquina.
008F   301F           00054         movlw   d'31'                   ; Aporta 1 ciclo máquina. Este es el valor de "K".
0090   2???           00055         goto    RetardoMicros           ; Aporta 2 ciclos máquina.
0091                  00056 Retardo_50micros                                ; La llamada "call" aporta 2 ciclos máquina.
0091   0000           00057         nop                             ; Aporta 1 ciclo máquina.
0092   300E           00058         movlw   d'14'                   ; Aporta 1 ciclo máquina. Este es el valor de "K".
0093   2???           00059         goto    RetardoMicros           ; Aporta 2 ciclos máquina.
0094                  00060 Retardo_20micros                                ; La llamada "call" aporta 2 ciclos máquina.
0094   3005           00061         movlw   d'5'                    ; Aporta 1 ciclo máquina. Este es el valor de "K".
                      00062 ;
                      00063 ; El próximo bloque "RetardoMicros" tarda:
                      00064 ; 1 + (K-1) + 2 + (K-1)x2 + 2 = (2 + 3K) ciclos máquina.
                      00065 ;
0095                  00066 RetardoMicros
0095   0080           00067         movwf   R_ContA                 ; Aporta 1 ciclo máquina.
0096                  00068 Rmicros_Bucle
0096   0B80           00069         decfsz  R_ContA,F               ; (K-1)x1 cm (cuando no salta) + 2 cm (al saltar).
0097   2???           00070         goto    Rmicros_Bucle           ; Aporta (K-1)x2 ciclos máquina.
0098   0008           00071         return                          ; El salto del retorno aporta 2 ciclos máquina.
                      00072 ;
                      00073 ;En total estas subrutinas tardan:
                      00074 ; - Retardo_500micros:  2 + 1 + 1 + 2 + (2 + 3K) = 500 cm = 500 µs. (para K=164 y 4 MHz).
                      00075 ; - Retardo_200micros:  2 + 1 + 1 + 2 + (2 + 3K) = 200 cm = 200 µs. (para K= 64 y 4 MHz).
                      00076 ; - Retardo_100micros:  2     + 1 + 2 + (2 + 3K) = 100 cm = 100 µs. (para K= 31 y 4 MHz).
                      00077 ; - Retardo_50micros :  2 + 1 + 1 + 2 + (2 + 3K) =  50 cm =  50 µs. (para K= 14 y 4 MHz).
                      00078 ; - Retardo_20micros :  2     + 1     + (2 + 3K) =  20 cm =  20 µs. (para K=  5 y 4 MHz).
                      00079 ;
                      00080 ; RETARDOS de 1 ms hasta 200 ms. --------------------------------------------------------
                      00081 ;
0099                  00082 Retardo_200ms                           ; La llamada "call" aporta 2 ciclos máquina.
0099   30C8           00083         movlw   d'200'                  ; Aporta 1 ciclo máquina. Este es el valor de "M".
009A   2???           00084         goto    Retardos_ms             ; Aporta 2 ciclos máquina.
009B                  00085 Retardo_100ms                           ; La llamada "call" aporta 2 ciclos máquina.
009B   3064           00086         movlw   d'100'                  ; Aporta 1 ciclo máquina. Este es el valor de "M".
009C   2???           00087         goto    Retardos_ms             ; Aporta 2 ciclos máquina.
009D                  00088 Retardo_50ms                            ; La llamada "call" aporta 2 ciclos máquina.
009D   3032           00089         movlw   d'50'                   ; Aporta 1 ciclo máquina. Este es el valor de "M".
009E   2???           00090         goto    Retardos_ms             ; Aporta 2 ciclos máquina.
009F                  00091 Retardo_20ms                            ; La llamada "call" aporta 2 ciclos máquina.
009F   3014           00092         movlw   d'20'                   ; Aporta 1 ciclo máquina. Este es el valor de "M".
MPASM 5.84            PROGRAMA_PRINCIPAL.ASM   5-5-2020  12:38:32         PAGE 10


LOC  OBJECT CODE     LINE SOURCE TEXT
  VALUE

00A0   2???           00093         goto    Retardos_ms             ; Aporta 2 ciclos máquina.
00A1                  00094 Retardo_10ms                            ; La llamada "call" aporta 2 ciclos máquina.
00A1   300A           00095         movlw   d'10'                   ; Aporta 1 ciclo máquina. Este es el valor de "M".
00A2   2???           00096         goto    Retardos_ms             ; Aporta 2 ciclos máquina.
00A3                  00097 Retardo_5ms                             ; La llamada "call" aporta 2 ciclos máquina.
00A3   3005           00098         movlw   d'5'                    ; Aporta 1 ciclo máquina. Este es el valor de "M".
00A4   2???           00099         goto    Retardos_ms             ; Aporta 2 ciclos máquina.
00A5                  00100 Retardo_2ms                             ; La llamada "call" aporta 2 ciclos máquina.
00A5   3002           00101         movlw   d'2'                    ; Aporta 1 ciclo máquina. Este es el valor de "M".
00A6   2???           00102         goto    Retardos_ms             ; Aporta 2 ciclos máquina.
00A7                  00103 Retardo_1ms                             ; La llamada "call" aporta 2 ciclos máquina.
00A7   3001           00104         movlw   d'1'                    ; Aporta 1 ciclo máquina. Este es el valor de "M".
                      00105 ;
                      00106 ; El próximo bloque "Retardos_ms" tarda:
                      00107 ; 1 + M + M + KxM + (K-1)xM + Mx2 + (K-1)Mx2 + (M-1) + 2 + (M-1)x2 + 2 =
                      00108 ; = (2 + 4M + 4KM) ciclos máquina. Para K=249 y M=1 supone 1002 ciclos máquina
                      00109 ; que a 4 MHz son 1002 µs = 1 ms.
                      00110 ;
00A8                  00111 Retardos_ms
00A8   0081           00112         movwf   R_ContB                 ; Aporta 1 ciclo máquina.
00A9                  00113 R1ms_BucleExterno
00A9   30F9           00114         movlw   d'249'                  ; Aporta Mx1 ciclos máquina. Este es el valor de "K".
00AA   0080           00115         movwf   R_ContA                 ; Aporta Mx1 ciclos máquina.
00AB                  00116 R1ms_BucleInterno
00AB   0000           00117         nop                             ; Aporta KxMx1 ciclos máquina.
00AC   0B80           00118         decfsz  R_ContA,F               ; (K-1)xMx1 cm (cuando no salta) + Mx2 cm (al saltar).
00AD   2???           00119         goto    R1ms_BucleInterno               ; Aporta (K-1)xMx2 ciclos máquina.
00AE   0B81           00120         decfsz  R_ContB,F               ; (M-1)x1 cm (cuando no salta) + 2 cm (al saltar).
00AF   2???           00121         goto    R1ms_BucleExterno       ; Aporta (M-1)x2 ciclos máquina.
00B0   0008           00122         return                          ; El salto del retorno aporta 2 ciclos máquina.
                      00123 ;
                      00124 ;En total estas subrutinas tardan:
                      00125 ; - Retardo_200ms:      2 + 1 + 2 + (2 + 4M + 4KM) = 200007 cm = 200 ms. (M=200 y K=249).
                      00126 ; - Retardo_100ms:      2 + 1 + 2 + (2 + 4M + 4KM) = 100007 cm = 100 ms. (M=100 y K=249).
                      00127 ; - Retardo_50ms :      2 + 1 + 2 + (2 + 4M + 4KM) =  50007 cm =  50 ms. (M= 50 y K=249).
                      00128 ; - Retardo_20ms :      2 + 1 + 2 + (2 + 4M + 4KM) =  20007 cm =  20 ms. (M= 20 y K=249).
                      00129 ; - Retardo_10ms :      2 + 1 + 2 + (2 + 4M + 4KM) =  10007 cm =  10 ms. (M= 10 y K=249).
                      00130 ; - Retardo_5ms  :      2 + 1 + 2 + (2 + 4M + 4KM) =   5007 cm =   5 ms. (M=  5 y K=249).
                      00131 ; - Retardo_2ms  :      2 + 1 + 2 + (2 + 4M + 4KM) =   2007 cm =   2 ms. (M=  2 y K=249).
                      00132 ; - Retardo_1ms  :      2 + 1     + (2 + 4M + 4KM) =   1005 cm =   1 ms. (M=  1 y K=249).
                      00133 ;
                      00134 ; RETARDOS de 0.5 hasta 20 segundos ---------------------------------------------------
                      00135 ;
00B1                  00136 Retardo_20s                             ; La llamada "call" aporta 2 ciclos máquina.
00B1   30C8           00137         movlw   d'200'                  ; Aporta 1 ciclo máquina. Este es el valor de "N".
00B2   2???           00138         goto    Retardo_1Decima         ; Aporta 2 ciclos máquina.
00B3                  00139 Retardo_10s                             ; La llamada "call" aporta 2 ciclos máquina.
00B3   3064           00140         movlw   d'100'                  ; Aporta 1 ciclo máquina. Este es el valor de "N".
00B4   2???           00141         goto    Retardo_1Decima         ; Aporta 2 ciclos máquina.
00B5                  00142 Retardo_5s                              ; La llamada "call" aporta 2 ciclos máquina.
00B5   3032           00143         movlw   d'50'                   ; Aporta 1 ciclo máquina. Este es el valor de "N".
00B6   2???           00144         goto    Retardo_1Decima         ; Aporta 2 ciclos máquina.
00B7                  00145 Retardo_2s                              ; La llamada "call" aporta 2 ciclos máquina.
MPASM 5.84            PROGRAMA_PRINCIPAL.ASM   5-5-2020  12:38:32         PAGE 11


LOC  OBJECT CODE     LINE SOURCE TEXT
  VALUE

00B7   3014           00146         movlw   d'20'                   ; Aporta 1 ciclo máquina. Este es el valor de "N".
00B8   2???           00147         goto    Retardo_1Decima         ; Aporta 2 ciclos máquina.
00B9                  00148 Retardo_1s                              ; La llamada "call" aporta 2 ciclos máquina.
00B9   300A           00149         movlw   d'10'                   ; Aporta 1 ciclo máquina. Este es el valor de "N".
00BA   2???           00150         goto    Retardo_1Decima         ; Aporta 2 ciclos máquina.
00BB                  00151 Retardo_500ms                           ; La llamada "call" aporta 2 ciclos máquina.
00BB   3005           00152         movlw   d'5'                    ; Aporta 1 ciclo máquina. Este es el valor de "N".
                      00153 ;
                      00154 ; El próximo bloque "Retardo_1Decima" tarda:
                      00155 ; 1 + N + N + MxN + MxN + KxMxN + (K-1)xMxN + MxNx2 + (K-1)xMxNx2 +
                      00156 ;   + (M-1)xN + Nx2 + (M-1)xNx2 + (N-1) + 2 + (N-1)x2 + 2 =
                      00157 ; = (2 + 4M + 4MN + 4KM) ciclos máquina. Para K=249, M=100 y N=1 supone 100011
                      00158 ; ciclos máquina que a 4 MHz son 100011 µs = 100 ms = 0,1 s = 1 décima de segundo.
                      00159 ;
00BC                  00160 Retardo_1Decima
00BC   0082           00161         movwf   R_ContC                 ; Aporta 1 ciclo máquina.
00BD                  00162 R1Decima_BucleExterno2
00BD   3064           00163         movlw   d'100'                  ; Aporta Nx1 ciclos máquina. Este es el valor de "M".
00BE   0081           00164         movwf   R_ContB                 ; Aporta Nx1 ciclos máquina.
00BF                  00165 R1Decima_BucleExterno
00BF   30F9           00166         movlw   d'249'                  ; Aporta MxNx1 ciclos máquina. Este es el valor de "K".
00C0   0080           00167         movwf   R_ContA                 ; Aporta MxNx1 ciclos máquina.
00C1                  00168 R1Decima_BucleInterno          
00C1   0000           00169         nop                             ; Aporta KxMxNx1 ciclos máquina.
00C2   0B80           00170         decfsz  R_ContA,F               ; (K-1)xMxNx1 cm (si no salta) + MxNx2 cm (al saltar).
00C3   2???           00171         goto    R1Decima_BucleInterno   ; Aporta (K-1)xMxNx2 ciclos máquina.
00C4   0B81           00172         decfsz  R_ContB,F               ; (M-1)xNx1 cm (cuando no salta) + Nx2 cm (al saltar).
00C5   2???           00173         goto    R1Decima_BucleExterno   ; Aporta (M-1)xNx2 ciclos máquina.
00C6   0B82           00174         decfsz  R_ContC,F               ; (N-1)x1 cm (cuando no salta) + 2 cm (al saltar).
00C7   2???           00175         goto    R1Decima_BucleExterno2  ; Aporta (N-1)x2 ciclos máquina.
00C8   0008           00176         return                          ; El salto del retorno aporta 2 ciclos máquina.
                      00177 ;
                      00178 ;En total estas subrutinas tardan:
                      00179 ; - Retardo_20s:        2 + 1 + 2 + (2 + 4N + 4MN + 4KMN) = 20000807 cm = 20 s.
                      00180 ;                       (N=200, M=100 y K=249).
                      00181 ; - Retardo_10s:        2 + 1 + 2 + (2 + 4N + 4MN + 4KMN) = 10000407 cm = 10 s.
                      00182 ;                       (N=100, M=100 y K=249).
                      00183 ; - Retardo_5s:         2 + 1 + 2 + (2 + 4N + 4MN + 4KMN) =  5000207 cm =  5 s.
                      00184 ;                       (N= 50, M=100 y K=249).
                      00185 ; - Retardo_2s:         2 + 1 + 2 + (2 + 4N + 4MN + 4KMN) =  2000087 cm =  2 s.
                      00186 ;                       (N= 20, M=100 y K=249).
                      00187 ; - Retardo_1s:         2 + 1 + 2 + (2 + 4N + 4MN + 4KMN) =  1000047 cm =  1 s.
                      00188 ;                       (N= 10, M=100 y K=249).
                      00189 ; - Retardo_500ms:      2 + 1     + (2 + 4N + 4MN + 4KMN) =   500025 cm = 0,5 s.
                      00190 ;                       (N=  5, M=100 y K=249).
                      00191 
                      00192 ;       ===================================================================
                      00193 ;         Del libro "MICROCONTROLADOR PIC16F84. DESARROLLO DE PROYECTOS"
                      00194 ;         E. Palacios, F. Remiro y L. López.
                      00195 ;         Editorial Ra-Ma.  www.ra-ma.es
                      00196 ;       =====================================================
                      00223 
Warning[205]: Found directive in column 1. (end)
MPASM 5.84            PROGRAMA_PRINCIPAL.ASM   5-5-2020  12:38:32         PAGE 12


LOC  OBJECT CODE     LINE SOURCE TEXT
  VALUE

3F25                  00224 end
MPASM 5.84            PROGRAMA_PRINCIPAL.ASM   5-5-2020  12:38:32         PAGE 13


SYMBOL TABLE
  LABEL                             VALUE 

ADDEN                             00000003
ADEN                              00000003
BACK                              00000003
BRGH                              00000002
Bucle                             00000018
C                                 00000000
C1INV                             00000004
C1OUT                             00000006
C2INV                             00000005
C2OUT                             00000007
CCP1CON                           00000017
CCP1IE                            00000002
CCP1IF                            00000002
CCP1M0                            00000000
CCP1M1                            00000001
CCP1M2                            00000002
CCP1M3                            00000003
CCP1X                             00000005
CCP1Y                             00000004
CCPR1                             00000015
CCPR1H                            00000016
CCPR1L                            00000015
CIS                               00000003
CM0                               00000000
CM1                               00000001
CM2                               00000002
CMCON                             0000001F
CMIE                              00000006
CMIF                              00000006
CREN                              00000004
CSRC                              00000007
CurDecha                          00000014
CurIzda                           00000010
CursBlink                         0000000F
CursOff                           0000000C
CursOn                            0000000E
D4                                00000004
D5                                00000005
D6                                00000006
D7_BF                             00000007
DC                                00000001
DisDecha                          0000001C
DisIzda                           00000018
E                                 00000002
EEADR                             0000009B
EECON1                            0000009C
EECON2                            0000009D
EEDATA                            0000009A
EEIE                              00000007
EEIF                              00000007
F                                 00000001
FERR                              00000002
FSR                               00000004
MPASM 5.84            PROGRAMA_PRINCIPAL.ASM   5-5-2020  12:38:32         PAGE 14


SYMBOL TABLE
  LABEL                             VALUE 

GIE                               00000007
INDF                              00000000
INTCON                            0000000B
INTE                              00000004
INTEDG                            00000006
INTF                              00000001
IRP                               00000007
Inicio                            00000005
LCDBus_4_2                        00000028
LCDClr                            00000001
LCDDec                            00000004
LCDInc                            00000006
LCDInicio                         00000002
LCDLinea1                         00000080
LCDLinea2                         000000C0
LCDOff                            00000008
LCDOn                             0000000C
LCD_Bandera                       00000042
LCD_Caracter                      0000007D
LCD_Comando                       00000078
LCD_Config_puertos                0000001A
LCD_D4                            LCD_PORT_Data,D4
LCD_D5                            LCD_PORT_Data,D5
LCD_D6                            LCD_PORT_Data,D6
LCD_D7_BF                         LCD_PORT_Data,D7_BF
LCD_Dato                          0000000C
LCD_E                             LCD_PORT_Control,E
LCD_Enable                        00000057
LCD_Envio_Data                    0000005C
LCD_Init                          0000002D
LCD_PORT_Control                  00000005
LCD_PORT_Data                     00000006
LCD_Putc                          
LCD_Putd                          
LCD_RS                            LCD_PORT_Control,RS
LCD_RW                            LCD_PORT_Control,RW
LCD_TRIS_Control                  00000085
LCD_TRIS_Data                     00000086
LCD_backlight                     LCD_PORT_Control,BACK
Loop                              0000000D
NOT_BO                            00000000
NOT_BOD                           00000000
NOT_BOR                           00000000
NOT_PD                            00000003
NOT_POR                           00000001
NOT_RBPU                          00000007
NOT_T1SYNC                        00000002
NOT_TO                            00000004
OERR                              00000001
OPTION_REG                        00000081
OSCF                              00000003
PCL                               00000002
PCLATH                            0000000A
MPASM 5.84            PROGRAMA_PRINCIPAL.ASM   5-5-2020  12:38:32         PAGE 15


SYMBOL TABLE
  LABEL                             VALUE 

PCON                              0000008E
PEIE                              00000006
PIE1                              0000008C
PIR1                              0000000C
PORTA                             00000005
PORTB                             00000006
PR2                               00000092
PS0                               00000000
PS1                               00000001
PS2                               00000002
PSA                               00000003
R1Decima_BucleExterno             000000BF
R1Decima_BucleExterno2            000000BD
R1Decima_BucleInterno             000000C1
R1ms_BucleExterno                 000000A9
R1ms_BucleInterno                 000000AB
RA0                               00000000
RA1                               00000001
RA2                               00000002
RA3                               00000003
RA4                               00000004
RA5                               00000005
RA6                               00000006
RA7                               00000007
RB0                               00000000
RB1                               00000001
RB2                               00000002
RB3                               00000003
RB4                               00000004
RB5                               00000005
RB6                               00000006
RB7                               00000007
RBIE                              00000003
RBIF                              00000000
RCIE                              00000005
RCIF                              00000005
RCREG                             0000001A
RCSTA                             00000018
RD                                00000000
RP0                               00000005
RP1                               00000006
RS                                00000000
RW                                00000001
RX9                               00000006
RX9D                              00000000
R_ContA                           00000000
R_ContB                           00000001
R_ContC                           00000002
RetardoMicros                     00000095
Retardo_100micros                 0000008F
Retardo_100ms                     0000009B
Retardo_10micros                  00000082
Retardo_10ms                      000000A1
MPASM 5.84            PROGRAMA_PRINCIPAL.ASM   5-5-2020  12:38:32         PAGE 16


SYMBOL TABLE
  LABEL                             VALUE 

Retardo_10s                       000000B3
Retardo_1Decima                   000000BC
Retardo_1ms                       000000A7
Retardo_1s                        000000B9
Retardo_200micros                 0000008C
Retardo_200ms                     00000099
Retardo_20micros                  00000094
Retardo_20ms                      0000009F
Retardo_20s                       000000B1
Retardo_2ms                       000000A5
Retardo_2s                        000000B7
Retardo_4micros                   00000088
Retardo_500micros                 00000089
Retardo_500ms                     000000BB
Retardo_50micros                  00000091
Retardo_50ms                      0000009D
Retardo_5micros                   00000087
Retardo_5ms                       000000A3
Retardo_5s                        000000B5
Retardos_ms                       000000A8
Rmicros_Bucle                     00000096
SPBRG                             00000099
SPEN                              00000007
SREN                              00000005
STATUS                            00000003
SYNC                              00000004
T0CS                              00000005
T0IE                              00000005
T0IF                              00000002
T0SE                              00000004
T1CKPS0                           00000004
T1CKPS1                           00000005
T1CON                             00000010
T1OSCEN                           00000003
T2CKPS0                           00000000
T2CKPS1                           00000001
T2CON                             00000012
TMR0                              00000001
TMR0IE                            00000005
TMR0IF                            00000002
TMR1                              0000000E
TMR1CS                            00000001
TMR1H                             0000000F
TMR1IE                            00000000
TMR1IF                            00000000
TMR1L                             0000000E
TMR1ON                            00000000
TMR2                              00000011
TMR2IE                            00000001
TMR2IF                            00000001
TMR2ON                            00000002
TOUTPS0                           00000003
TOUTPS1                           00000004
MPASM 5.84            PROGRAMA_PRINCIPAL.ASM   5-5-2020  12:38:32         PAGE 17


SYMBOL TABLE
  LABEL                             VALUE 

TOUTPS2                           00000005
TOUTPS3                           00000006
TRISA                             00000085
TRISA0                            00000000
TRISA1                            00000001
TRISA2                            00000002
TRISA3                            00000003
TRISA4                            00000004
TRISA5                            00000005
TRISA6                            00000006
TRISA7                            00000007
TRISB                             00000086
TRISB0                            00000000
TRISB1                            00000001
TRISB2                            00000002
TRISB3                            00000003
TRISB4                            00000004
TRISB5                            00000005
TRISB6                            00000006
TRISB7                            00000007
TRMT                              00000001
TX9                               00000006
TX9D                              00000000
TXEN                              00000005
TXIE                              00000004
TXIF                              00000004
TXREG                             00000019
TXSTA                             00000098
VR0                               00000000
VR1                               00000001
VR2                               00000002
VR3                               00000003
VRCON                             0000009F
VREN                              00000007
VROE                              00000006
VRR                               00000005
W                                 00000000
WR                                00000001
WREN                              00000002
WRERR                             00000003
Z                                 00000002
_.org_1_0037                      00000037
_.org_1_0051                      00000051
_BODEN_OFF                        00003FBF
_BODEN_ON                         00003FFF
_BOREN_OFF                        00003FBF
_BOREN_ON                         00003FFF
_CONFIG                           00002007
_CPD_OFF                          00003FFF
_CPD_ON                           00003EFF
_CP_OFF                           00003FFF
_CP_ON                            00001FFF
_DATA_CP_OFF                      00003FFF
MPASM 5.84            PROGRAMA_PRINCIPAL.ASM   5-5-2020  12:38:32         PAGE 18


SYMBOL TABLE
  LABEL                             VALUE 

_DATA_CP_ON                       00003EFF
_DEVID1                           00002006
_ER_OSC_CLKOUT                    00003FFF
_ER_OSC_NOCLKOUT                  00003FFE
_EXTCLK_OSC                       00003FEF
_FOSC_ECIO                        00003FEF
_FOSC_EXTRCCLK                    00003FFF
_FOSC_EXTRCIO                     00003FFE
_FOSC_HS                          00003FEE
_FOSC_INTOSCCLK                   00003FFD
_FOSC_INTOSCIO                    00003FFC
_FOSC_LP                          00003FEC
_FOSC_XT                          00003FED
_HS_OSC                           00003FEE
_IDLOC0                           00002000
_IDLOC1                           00002001
_IDLOC2                           00002002
_IDLOC3                           00002003
_INTOSC_OSC_CLKOUT                00003FFD
_INTOSC_OSC_NOCLKOUT              00003FFC
_INTRC_OSC_CLKOUT                 00003FFD
_INTRC_OSC_NOCLKOUT               00003FFC
_LP_OSC                           00003FEC
_LVP_OFF                          00003F7F
_LVP_ON                           00003FFF
_MCLRE_OFF                        00003FDF
_MCLRE_ON                         00003FFF
_PWRTE_OFF                        00003FFF
_PWRTE_ON                         00003FF7
_RC_OSC_CLKOUT                    00003FFF
_RC_OSC_NOCLKOUT                  00003FFE
_WDTE_OFF                         00003FFB
_WDTE_ON                          00003FFF
_WDT_OFF                          00003FFB
_WDT_ON                           00003FFF
_XT_OSC                           00003FED
__16F648A                         00000001

Errors   :     0
Warnings :   140 reported,     0 suppressed
Messages :     2 reported,     0 suppressed

