Warning[205] D:\ELECTRONICA\TALLERES_VIRTUALES\TALLER1\PROGRAMAS\PRUEBA_LCD.X\PROGRAMA.ASM 2 : Found directive in column 1. (list)
Warning[205] D:\ELECTRONICA\TALLERES_VIRTUALES\TALLER1\PROGRAMAS\PRUEBA_LCD.X\PROGRAMA.ASM 63 : Found directive in column 1. (endm)
Warning[205] D:\ELECTRONICA\TALLERES_VIRTUALES\TALLER1\PROGRAMAS\PRUEBA_LCD.X\PROGRAMA.ASM 67 : Found directive in column 1. (endm)
Warning[205] D:\ELECTRONICA\TALLERES_VIRTUALES\TALLER1\PROGRAMAS\PRUEBA_LCD.X\PROGRAMA.ASM 70 : Found directive in column 1. (org)
Warning[203] D:\ELECTRONICA\TALLERES_VIRTUALES\TALLER1\PROGRAMAS\PRUEBA_LCD.X\PROGRAMA.ASM 71 : Found opcode in column 1. (goto)
Warning[205] D:\ELECTRONICA\TALLERES_VIRTUALES\TALLER1\PROGRAMAS\PRUEBA_LCD.X\PROGRAMA.ASM 73 : Found directive in column 1. (org)
Warning[203] D:\ELECTRONICA\TALLERES_VIRTUALES\TALLER1\PROGRAMAS\PRUEBA_LCD.X\PROGRAMA.ASM 75 : Found opcode in column 1. (call)
Warning[203] D:\ELECTRONICA\TALLERES_VIRTUALES\TALLER1\PROGRAMAS\PRUEBA_LCD.X\PROGRAMA.ASM 76 : Found opcode in column 1. (call)
Warning[203] D:\ELECTRONICA\TALLERES_VIRTUALES\TALLER1\PROGRAMAS\PRUEBA_LCD.X\PROGRAMA.ASM 77 : Found opcode in column 1. (bsf)
Warning[203] D:\ELECTRONICA\TALLERES_VIRTUALES\TALLER1\PROGRAMAS\PRUEBA_LCD.X\PROGRAMA.ASM 79 : Found opcode in column 1. (MOVLW)
Warning[203] D:\ELECTRONICA\TALLERES_VIRTUALES\TALLER1\PROGRAMAS\PRUEBA_LCD.X\PROGRAMA.ASM 80 : Found opcode in column 1. (CALL)
Warning[206] D:\ELECTRONICA\TALLERES_VIRTUALES\TALLER1\PROGRAMAS\PRUEBA_LCD.X\PROGRAMA.ASM 81 : Found call to macro in column 1. (LCD_Putc)
Warning[203] D:\ELECTRONICA\TALLERES_VIRTUALES\TALLER1\PROGRAMAS\PRUEBA_LCD.X\PROGRAMA.ASM 61 : Found opcode in column 1. (movlw)
Warning[203] D:\ELECTRONICA\TALLERES_VIRTUALES\TALLER1\PROGRAMAS\PRUEBA_LCD.X\PROGRAMA.ASM 62 : Found opcode in column 1. (call)
Warning[206] D:\ELECTRONICA\TALLERES_VIRTUALES\TALLER1\PROGRAMAS\PRUEBA_LCD.X\PROGRAMA.ASM 82 : Found call to macro in column 1. (LCD_Putc)
Warning[203] D:\ELECTRONICA\TALLERES_VIRTUALES\TALLER1\PROGRAMAS\PRUEBA_LCD.X\PROGRAMA.ASM 61 : Found opcode in column 1. (movlw)
Warning[203] D:\ELECTRONICA\TALLERES_VIRTUALES\TALLER1\PROGRAMAS\PRUEBA_LCD.X\PROGRAMA.ASM 62 : Found opcode in column 1. (call)
Warning[206] D:\ELECTRONICA\TALLERES_VIRTUALES\TALLER1\PROGRAMAS\PRUEBA_LCD.X\PROGRAMA.ASM 83 : Found call to macro in column 1. (LCD_Putc)
Warning[203] D:\ELECTRONICA\TALLERES_VIRTUALES\TALLER1\PROGRAMAS\PRUEBA_LCD.X\PROGRAMA.ASM 61 : Found opcode in column 1. (movlw)
Warning[203] D:\ELECTRONICA\TALLERES_VIRTUALES\TALLER1\PROGRAMAS\PRUEBA_LCD.X\PROGRAMA.ASM 62 : Found opcode in column 1. (call)
Warning[206] D:\ELECTRONICA\TALLERES_VIRTUALES\TALLER1\PROGRAMAS\PRUEBA_LCD.X\PROGRAMA.ASM 84 : Found call to macro in column 1. (LCD_Putc)
Warning[203] D:\ELECTRONICA\TALLERES_VIRTUALES\TALLER1\PROGRAMAS\PRUEBA_LCD.X\PROGRAMA.ASM 61 : Found opcode in column 1. (movlw)
Warning[203] D:\ELECTRONICA\TALLERES_VIRTUALES\TALLER1\PROGRAMAS\PRUEBA_LCD.X\PROGRAMA.ASM 62 : Found opcode in column 1. (call)
Warning[206] D:\ELECTRONICA\TALLERES_VIRTUALES\TALLER1\PROGRAMAS\PRUEBA_LCD.X\PROGRAMA.ASM 85 : Found call to macro in column 1. (LCD_Putc)
Warning[203] D:\ELECTRONICA\TALLERES_VIRTUALES\TALLER1\PROGRAMAS\PRUEBA_LCD.X\PROGRAMA.ASM 61 : Found opcode in column 1. (movlw)
Warning[203] D:\ELECTRONICA\TALLERES_VIRTUALES\TALLER1\PROGRAMAS\PRUEBA_LCD.X\PROGRAMA.ASM 62 : Found opcode in column 1. (call)
Warning[206] D:\ELECTRONICA\TALLERES_VIRTUALES\TALLER1\PROGRAMAS\PRUEBA_LCD.X\PROGRAMA.ASM 86 : Found call to macro in column 1. (LCD_Putc)
Warning[203] D:\ELECTRONICA\TALLERES_VIRTUALES\TALLER1\PROGRAMAS\PRUEBA_LCD.X\PROGRAMA.ASM 61 : Found opcode in column 1. (movlw)
Warning[203] D:\ELECTRONICA\TALLERES_VIRTUALES\TALLER1\PROGRAMAS\PRUEBA_LCD.X\PROGRAMA.ASM 62 : Found opcode in column 1. (call)
Warning[203] D:\ELECTRONICA\TALLERES_VIRTUALES\TALLER1\PROGRAMAS\PRUEBA_LCD.X\PROGRAMA.ASM 88 : Found opcode in column 1. (nop)
Warning[203] D:\ELECTRONICA\TALLERES_VIRTUALES\TALLER1\PROGRAMAS\PRUEBA_LCD.X\PROGRAMA.ASM 89 : Found opcode in column 1. (GOTO)
Warning[203] D:\ELECTRONICA\TALLERES_VIRTUALES\TALLER1\PROGRAMAS\PRUEBA_LCD.X\PROGRAMA.ASM 93 : Found opcode in column 1. (bsf)
Warning[203] D:\ELECTRONICA\TALLERES_VIRTUALES\TALLER1\PROGRAMAS\PRUEBA_LCD.X\PROGRAMA.ASM 94 : Found opcode in column 1. (bcf)
Warning[203] D:\ELECTRONICA\TALLERES_VIRTUALES\TALLER1\PROGRAMAS\PRUEBA_LCD.X\PROGRAMA.ASM 95 : Found opcode in column 1. (bcf)
Warning[203] D:\ELECTRONICA\TALLERES_VIRTUALES\TALLER1\PROGRAMAS\PRUEBA_LCD.X\PROGRAMA.ASM 96 : Found opcode in column 1. (bcf)
Warning[203] D:\ELECTRONICA\TALLERES_VIRTUALES\TALLER1\PROGRAMAS\PRUEBA_LCD.X\PROGRAMA.ASM 97 : Found opcode in column 1. (bcf)
Warning[203] D:\ELECTRONICA\TALLERES_VIRTUALES\TALLER1\PROGRAMAS\PRUEBA_LCD.X\PROGRAMA.ASM 98 : Found opcode in column 1. (bcf)
Warning[203] D:\ELECTRONICA\TALLERES_VIRTUALES\TALLER1\PROGRAMAS\PRUEBA_LCD.X\PROGRAMA.ASM 99 : Found opcode in column 1. (bcf)
Warning[203] D:\ELECTRONICA\TALLERES_VIRTUALES\TALLER1\PROGRAMAS\PRUEBA_LCD.X\PROGRAMA.ASM 100 : Found opcode in column 1. (bcf)
Warning[203] D:\ELECTRONICA\TALLERES_VIRTUALES\TALLER1\PROGRAMAS\PRUEBA_LCD.X\PROGRAMA.ASM 101 : Found opcode in column 1. (bcf)
Warning[203] D:\ELECTRONICA\TALLERES_VIRTUALES\TALLER1\PROGRAMAS\PRUEBA_LCD.X\PROGRAMA.ASM 102 : Found opcode in column 1. (bcf)
Warning[203] D:\ELECTRONICA\TALLERES_VIRTUALES\TALLER1\PROGRAMAS\PRUEBA_LCD.X\PROGRAMA.ASM 103 : Found opcode in column 1. (bcf)
Warning[203] D:\ELECTRONICA\TALLERES_VIRTUALES\TALLER1\PROGRAMAS\PRUEBA_LCD.X\PROGRAMA.ASM 104 : Found opcode in column 1. (bcf)
Warning[203] D:\ELECTRONICA\TALLERES_VIRTUALES\TALLER1\PROGRAMAS\PRUEBA_LCD.X\PROGRAMA.ASM 105 : Found opcode in column 1. (bcf)
Warning[203] D:\ELECTRONICA\TALLERES_VIRTUALES\TALLER1\PROGRAMAS\PRUEBA_LCD.X\PROGRAMA.ASM 106 : Found opcode in column 1. (bcf)
Warning[203] D:\ELECTRONICA\TALLERES_VIRTUALES\TALLER1\PROGRAMAS\PRUEBA_LCD.X\PROGRAMA.ASM 107 : Found opcode in column 1. (bcf)
Warning[203] D:\ELECTRONICA\TALLERES_VIRTUALES\TALLER1\PROGRAMAS\PRUEBA_LCD.X\PROGRAMA.ASM 108 : Found opcode in column 1. (bcf)
Warning[203] D:\ELECTRONICA\TALLERES_VIRTUALES\TALLER1\PROGRAMAS\PRUEBA_LCD.X\PROGRAMA.ASM 109 : Found opcode in column 1. (bcf)
Warning[203] D:\ELECTRONICA\TALLERES_VIRTUALES\TALLER1\PROGRAMAS\PRUEBA_LCD.X\PROGRAMA.ASM 110 : Found opcode in column 1. (bcf)
Warning[203] D:\ELECTRONICA\TALLERES_VIRTUALES\TALLER1\PROGRAMAS\PRUEBA_LCD.X\PROGRAMA.ASM 111 : Found opcode in column 1. (return)
Warning[203] D:\ELECTRONICA\TALLERES_VIRTUALES\TALLER1\PROGRAMAS\PRUEBA_LCD.X\PROGRAMA.ASM 115 : Found opcode in column 1. (bcf)
Warning[203] D:\ELECTRONICA\TALLERES_VIRTUALES\TALLER1\PROGRAMAS\PRUEBA_LCD.X\PROGRAMA.ASM 116 : Found opcode in column 1. (movlw)
Warning[203] D:\ELECTRONICA\TALLERES_VIRTUALES\TALLER1\PROGRAMAS\PRUEBA_LCD.X\PROGRAMA.ASM 117 : Found opcode in column 1. (movwf)
Warning[203] D:\ELECTRONICA\TALLERES_VIRTUALES\TALLER1\PROGRAMAS\PRUEBA_LCD.X\PROGRAMA.ASM 118 : Found opcode in column 1. (bsf)
Warning[203] D:\ELECTRONICA\TALLERES_VIRTUALES\TALLER1\PROGRAMAS\PRUEBA_LCD.X\PROGRAMA.ASM 119 : Found opcode in column 1. (bsf)
Warning[203] D:\ELECTRONICA\TALLERES_VIRTUALES\TALLER1\PROGRAMAS\PRUEBA_LCD.X\PROGRAMA.ASM 121 : Found opcode in column 1. (bsf)
Warning[203] D:\ELECTRONICA\TALLERES_VIRTUALES\TALLER1\PROGRAMAS\PRUEBA_LCD.X\PROGRAMA.ASM 122 : Found opcode in column 1. (call)
Warning[203] D:\ELECTRONICA\TALLERES_VIRTUALES\TALLER1\PROGRAMAS\PRUEBA_LCD.X\PROGRAMA.ASM 123 : Found opcode in column 1. (bcf)
Warning[203] D:\ELECTRONICA\TALLERES_VIRTUALES\TALLER1\PROGRAMAS\PRUEBA_LCD.X\PROGRAMA.ASM 124 : Found opcode in column 1. (call)
Warning[203] D:\ELECTRONICA\TALLERES_VIRTUALES\TALLER1\PROGRAMAS\PRUEBA_LCD.X\PROGRAMA.ASM 125 : Found opcode in column 1. (decfsz)
Message[305] D:\ELECTRONICA\TALLERES_VIRTUALES\TALLER1\PROGRAMAS\PRUEBA_LCD.X\PROGRAMA.ASM 125 : Using default destination of 1 (file).
Warning[203] D:\ELECTRONICA\TALLERES_VIRTUALES\TALLER1\PROGRAMAS\PRUEBA_LCD.X\PROGRAMA.ASM 126 : Found opcode in column 1. (goto)
Warning[203] D:\ELECTRONICA\TALLERES_VIRTUALES\TALLER1\PROGRAMAS\PRUEBA_LCD.X\PROGRAMA.ASM 128 : Found opcode in column 1. (bcf)
Warning[203] D:\ELECTRONICA\TALLERES_VIRTUALES\TALLER1\PROGRAMAS\PRUEBA_LCD.X\PROGRAMA.ASM 129 : Found opcode in column 1. (bsf)
Warning[203] D:\ELECTRONICA\TALLERES_VIRTUALES\TALLER1\PROGRAMAS\PRUEBA_LCD.X\PROGRAMA.ASM 130 : Found opcode in column 1. (call)
Warning[203] D:\ELECTRONICA\TALLERES_VIRTUALES\TALLER1\PROGRAMAS\PRUEBA_LCD.X\PROGRAMA.ASM 131 : Found opcode in column 1. (bcf)
Warning[203] D:\ELECTRONICA\TALLERES_VIRTUALES\TALLER1\PROGRAMAS\PRUEBA_LCD.X\PROGRAMA.ASM 132 : Found opcode in column 1. (call)
Warning[203] D:\ELECTRONICA\TALLERES_VIRTUALES\TALLER1\PROGRAMAS\PRUEBA_LCD.X\PROGRAMA.ASM 134 : Found opcode in column 1. (movlw)
Warning[203] D:\ELECTRONICA\TALLERES_VIRTUALES\TALLER1\PROGRAMAS\PRUEBA_LCD.X\PROGRAMA.ASM 135 : Found opcode in column 1. (call)
Warning[203] D:\ELECTRONICA\TALLERES_VIRTUALES\TALLER1\PROGRAMAS\PRUEBA_LCD.X\PROGRAMA.ASM 137 : Found opcode in column 1. (movlw)
Warning[203] D:\ELECTRONICA\TALLERES_VIRTUALES\TALLER1\PROGRAMAS\PRUEBA_LCD.X\PROGRAMA.ASM 138 : Found opcode in column 1. (call)
Warning[203] D:\ELECTRONICA\TALLERES_VIRTUALES\TALLER1\PROGRAMAS\PRUEBA_LCD.X\PROGRAMA.ASM 139 : Found opcode in column 1. (return)
Warning[203] D:\ELECTRONICA\TALLERES_VIRTUALES\TALLER1\PROGRAMAS\PRUEBA_LCD.X\PROGRAMA.ASM 143 : Found opcode in column 1. (bcf)
Warning[203] D:\ELECTRONICA\TALLERES_VIRTUALES\TALLER1\PROGRAMAS\PRUEBA_LCD.X\PROGRAMA.ASM 144 : Found opcode in column 1. (bcf)
Warning[203] D:\ELECTRONICA\TALLERES_VIRTUALES\TALLER1\PROGRAMAS\PRUEBA_LCD.X\PROGRAMA.ASM 145 : Found opcode in column 1. (bcf)
Warning[203] D:\ELECTRONICA\TALLERES_VIRTUALES\TALLER1\PROGRAMAS\PRUEBA_LCD.X\PROGRAMA.ASM 146 : Found opcode in column 1. (bcf)
Warning[203] D:\ELECTRONICA\TALLERES_VIRTUALES\TALLER1\PROGRAMAS\PRUEBA_LCD.X\PROGRAMA.ASM 147 : Found opcode in column 1. (bcf)
Warning[203] D:\ELECTRONICA\TALLERES_VIRTUALES\TALLER1\PROGRAMAS\PRUEBA_LCD.X\PROGRAMA.ASM 148 : Found opcode in column 1. (bcf)
Warning[203] D:\ELECTRONICA\TALLERES_VIRTUALES\TALLER1\PROGRAMAS\PRUEBA_LCD.X\PROGRAMA.ASM 149 : Found opcode in column 1. (bcf)
Warning[203] D:\ELECTRONICA\TALLERES_VIRTUALES\TALLER1\PROGRAMAS\PRUEBA_LCD.X\PROGRAMA.ASM 150 : Found opcode in column 1. (NOP)
Warning[203] D:\ELECTRONICA\TALLERES_VIRTUALES\TALLER1\PROGRAMAS\PRUEBA_LCD.X\PROGRAMA.ASM 151 : Found opcode in column 1. (BCF)
Warning[203] D:\ELECTRONICA\TALLERES_VIRTUALES\TALLER1\PROGRAMAS\PRUEBA_LCD.X\PROGRAMA.ASM 153 : Found opcode in column 1. (bsf)
Warning[203] D:\ELECTRONICA\TALLERES_VIRTUALES\TALLER1\PROGRAMAS\PRUEBA_LCD.X\PROGRAMA.ASM 154 : Found opcode in column 1. (bsf)
Warning[203] D:\ELECTRONICA\TALLERES_VIRTUALES\TALLER1\PROGRAMAS\PRUEBA_LCD.X\PROGRAMA.ASM 155 : Found opcode in column 1. (bcf)
Warning[203] D:\ELECTRONICA\TALLERES_VIRTUALES\TALLER1\PROGRAMAS\PRUEBA_LCD.X\PROGRAMA.ASM 156 : Found opcode in column 1. (bsf)
Warning[203] D:\ELECTRONICA\TALLERES_VIRTUALES\TALLER1\PROGRAMAS\PRUEBA_LCD.X\PROGRAMA.ASM 157 : Found opcode in column 1. (nop)
Warning[203] D:\ELECTRONICA\TALLERES_VIRTUALES\TALLER1\PROGRAMAS\PRUEBA_LCD.X\PROGRAMA.ASM 158 : Found opcode in column 1. (btfsc)
Warning[203] D:\ELECTRONICA\TALLERES_VIRTUALES\TALLER1\PROGRAMAS\PRUEBA_LCD.X\PROGRAMA.ASM 159 : Found opcode in column 1. (goto)
Warning[203] D:\ELECTRONICA\TALLERES_VIRTUALES\TALLER1\PROGRAMAS\PRUEBA_LCD.X\PROGRAMA.ASM 160 : Found opcode in column 1. (bcf)
Warning[203] D:\ELECTRONICA\TALLERES_VIRTUALES\TALLER1\PROGRAMAS\PRUEBA_LCD.X\PROGRAMA.ASM 161 : Found opcode in column 1. (bsf)
Warning[203] D:\ELECTRONICA\TALLERES_VIRTUALES\TALLER1\PROGRAMAS\PRUEBA_LCD.X\PROGRAMA.ASM 162 : Found opcode in column 1. (bcf)
Warning[203] D:\ELECTRONICA\TALLERES_VIRTUALES\TALLER1\PROGRAMAS\PRUEBA_LCD.X\PROGRAMA.ASM 163 : Found opcode in column 1. (bcf)
Warning[203] D:\ELECTRONICA\TALLERES_VIRTUALES\TALLER1\PROGRAMAS\PRUEBA_LCD.X\PROGRAMA.ASM 164 : Found opcode in column 1. (return)
Warning[203] D:\ELECTRONICA\TALLERES_VIRTUALES\TALLER1\PROGRAMAS\PRUEBA_LCD.X\PROGRAMA.ASM 168 : Found opcode in column 1. (bsf)
Warning[203] D:\ELECTRONICA\TALLERES_VIRTUALES\TALLER1\PROGRAMAS\PRUEBA_LCD.X\PROGRAMA.ASM 169 : Found opcode in column 1. (nop)
Warning[203] D:\ELECTRONICA\TALLERES_VIRTUALES\TALLER1\PROGRAMAS\PRUEBA_LCD.X\PROGRAMA.ASM 170 : Found opcode in column 1. (nop)
Warning[203] D:\ELECTRONICA\TALLERES_VIRTUALES\TALLER1\PROGRAMAS\PRUEBA_LCD.X\PROGRAMA.ASM 171 : Found opcode in column 1. (bcf)
Warning[203] D:\ELECTRONICA\TALLERES_VIRTUALES\TALLER1\PROGRAMAS\PRUEBA_LCD.X\PROGRAMA.ASM 172 : Found opcode in column 1. (return)
Warning[203] D:\ELECTRONICA\TALLERES_VIRTUALES\TALLER1\PROGRAMAS\PRUEBA_LCD.X\PROGRAMA.ASM 177 : Found opcode in column 1. (movwf)
Warning[203] D:\ELECTRONICA\TALLERES_VIRTUALES\TALLER1\PROGRAMAS\PRUEBA_LCD.X\PROGRAMA.ASM 178 : Found opcode in column 1. (bcf)
Warning[203] D:\ELECTRONICA\TALLERES_VIRTUALES\TALLER1\PROGRAMAS\PRUEBA_LCD.X\PROGRAMA.ASM 179 : Found opcode in column 1. (btfsc)
Warning[203] D:\ELECTRONICA\TALLERES_VIRTUALES\TALLER1\PROGRAMAS\PRUEBA_LCD.X\PROGRAMA.ASM 180 : Found opcode in column 1. (bsf)
Warning[203] D:\ELECTRONICA\TALLERES_VIRTUALES\TALLER1\PROGRAMAS\PRUEBA_LCD.X\PROGRAMA.ASM 181 : Found opcode in column 1. (bcf)
Warning[203] D:\ELECTRONICA\TALLERES_VIRTUALES\TALLER1\PROGRAMAS\PRUEBA_LCD.X\PROGRAMA.ASM 182 : Found opcode in column 1. (btfsc)
Warning[203] D:\ELECTRONICA\TALLERES_VIRTUALES\TALLER1\PROGRAMAS\PRUEBA_LCD.X\PROGRAMA.ASM 183 : Found opcode in column 1. (bsf)
Warning[203] D:\ELECTRONICA\TALLERES_VIRTUALES\TALLER1\PROGRAMAS\PRUEBA_LCD.X\PROGRAMA.ASM 184 : Found opcode in column 1. (bcf)
Warning[203] D:\ELECTRONICA\TALLERES_VIRTUALES\TALLER1\PROGRAMAS\PRUEBA_LCD.X\PROGRAMA.ASM 185 : Found opcode in column 1. (btfsc)
Warning[203] D:\ELECTRONICA\TALLERES_VIRTUALES\TALLER1\PROGRAMAS\PRUEBA_LCD.X\PROGRAMA.ASM 186 : Found opcode in column 1. (bsf)
Warning[203] D:\ELECTRONICA\TALLERES_VIRTUALES\TALLER1\PROGRAMAS\PRUEBA_LCD.X\PROGRAMA.ASM 187 : Found opcode in column 1. (bcf)
Warning[203] D:\ELECTRONICA\TALLERES_VIRTUALES\TALLER1\PROGRAMAS\PRUEBA_LCD.X\PROGRAMA.ASM 188 : Found opcode in column 1. (btfsc)
Warning[203] D:\ELECTRONICA\TALLERES_VIRTUALES\TALLER1\PROGRAMAS\PRUEBA_LCD.X\PROGRAMA.ASM 189 : Found opcode in column 1. (bsf)
Warning[203] D:\ELECTRONICA\TALLERES_VIRTUALES\TALLER1\PROGRAMAS\PRUEBA_LCD.X\PROGRAMA.ASM 190 : Found opcode in column 1. (call)
Warning[203] D:\ELECTRONICA\TALLERES_VIRTUALES\TALLER1\PROGRAMAS\PRUEBA_LCD.X\PROGRAMA.ASM 192 : Found opcode in column 1. (bcf)
Warning[203] D:\ELECTRONICA\TALLERES_VIRTUALES\TALLER1\PROGRAMAS\PRUEBA_LCD.X\PROGRAMA.ASM 193 : Found opcode in column 1. (btfsc)
Warning[203] D:\ELECTRONICA\TALLERES_VIRTUALES\TALLER1\PROGRAMAS\PRUEBA_LCD.X\PROGRAMA.ASM 194 : Found opcode in column 1. (bsf)
Warning[203] D:\ELECTRONICA\TALLERES_VIRTUALES\TALLER1\PROGRAMAS\PRUEBA_LCD.X\PROGRAMA.ASM 195 : Found opcode in column 1. (bcf)
Warning[203] D:\ELECTRONICA\TALLERES_VIRTUALES\TALLER1\PROGRAMAS\PRUEBA_LCD.X\PROGRAMA.ASM 196 : Found opcode in column 1. (btfsc)
Warning[203] D:\ELECTRONICA\TALLERES_VIRTUALES\TALLER1\PROGRAMAS\PRUEBA_LCD.X\PROGRAMA.ASM 197 : Found opcode in column 1. (bsf)
Warning[203] D:\ELECTRONICA\TALLERES_VIRTUALES\TALLER1\PROGRAMAS\PRUEBA_LCD.X\PROGRAMA.ASM 198 : Found opcode in column 1. (bcf)
Warning[203] D:\ELECTRONICA\TALLERES_VIRTUALES\TALLER1\PROGRAMAS\PRUEBA_LCD.X\PROGRAMA.ASM 199 : Found opcode in column 1. (btfsc)
Warning[203] D:\ELECTRONICA\TALLERES_VIRTUALES\TALLER1\PROGRAMAS\PRUEBA_LCD.X\PROGRAMA.ASM 200 : Found opcode in column 1. (bsf)
Warning[203] D:\ELECTRONICA\TALLERES_VIRTUALES\TALLER1\PROGRAMAS\PRUEBA_LCD.X\PROGRAMA.ASM 201 : Found opcode in column 1. (bcf)
Warning[203] D:\ELECTRONICA\TALLERES_VIRTUALES\TALLER1\PROGRAMAS\PRUEBA_LCD.X\PROGRAMA.ASM 202 : Found opcode in column 1. (btfsc)
Warning[203] D:\ELECTRONICA\TALLERES_VIRTUALES\TALLER1\PROGRAMAS\PRUEBA_LCD.X\PROGRAMA.ASM 203 : Found opcode in column 1. (bsf)
Warning[203] D:\ELECTRONICA\TALLERES_VIRTUALES\TALLER1\PROGRAMAS\PRUEBA_LCD.X\PROGRAMA.ASM 204 : Found opcode in column 1. (call)
Warning[203] D:\ELECTRONICA\TALLERES_VIRTUALES\TALLER1\PROGRAMAS\PRUEBA_LCD.X\PROGRAMA.ASM 205 : Found opcode in column 1. (return)
Warning[203] D:\ELECTRONICA\TALLERES_VIRTUALES\TALLER1\PROGRAMAS\PRUEBA_LCD.X\PROGRAMA.ASM 209 : Found opcode in column 1. (call)
Warning[203] D:\ELECTRONICA\TALLERES_VIRTUALES\TALLER1\PROGRAMAS\PRUEBA_LCD.X\PROGRAMA.ASM 210 : Found opcode in column 1. (bcf)
Warning[203] D:\ELECTRONICA\TALLERES_VIRTUALES\TALLER1\PROGRAMAS\PRUEBA_LCD.X\PROGRAMA.ASM 211 : Found opcode in column 1. (bcf)
Warning[203] D:\ELECTRONICA\TALLERES_VIRTUALES\TALLER1\PROGRAMAS\PRUEBA_LCD.X\PROGRAMA.ASM 212 : Found opcode in column 1. (call)
Warning[203] D:\ELECTRONICA\TALLERES_VIRTUALES\TALLER1\PROGRAMAS\PRUEBA_LCD.X\PROGRAMA.ASM 213 : Found opcode in column 1. (return)
Warning[203] D:\ELECTRONICA\TALLERES_VIRTUALES\TALLER1\PROGRAMAS\PRUEBA_LCD.X\PROGRAMA.ASM 217 : Found opcode in column 1. (call)
Warning[203] D:\ELECTRONICA\TALLERES_VIRTUALES\TALLER1\PROGRAMAS\PRUEBA_LCD.X\PROGRAMA.ASM 218 : Found opcode in column 1. (bcf)
Warning[203] D:\ELECTRONICA\TALLERES_VIRTUALES\TALLER1\PROGRAMAS\PRUEBA_LCD.X\PROGRAMA.ASM 219 : Found opcode in column 1. (bsf)
Warning[203] D:\ELECTRONICA\TALLERES_VIRTUALES\TALLER1\PROGRAMAS\PRUEBA_LCD.X\PROGRAMA.ASM 220 : Found opcode in column 1. (call)
Warning[203] D:\ELECTRONICA\TALLERES_VIRTUALES\TALLER1\PROGRAMAS\PRUEBA_LCD.X\PROGRAMA.ASM 221 : Found opcode in column 1. (return)
Warning[203] D:\ELECTRONICA\TALLERES_VIRTUALES\TALLER1\PROGRAMAS\PRUEBA_LCD.X\PROGRAMA.ASM 225 : Found opcode in column 1. (movlw)
Warning[203] D:\ELECTRONICA\TALLERES_VIRTUALES\TALLER1\PROGRAMAS\PRUEBA_LCD.X\PROGRAMA.ASM 226 : Found opcode in column 1. (movwf)
Warning[203] D:\ELECTRONICA\TALLERES_VIRTUALES\TALLER1\PROGRAMAS\PRUEBA_LCD.X\PROGRAMA.ASM 228 : Found opcode in column 1. (movlw)
Warning[203] D:\ELECTRONICA\TALLERES_VIRTUALES\TALLER1\PROGRAMAS\PRUEBA_LCD.X\PROGRAMA.ASM 229 : Found opcode in column 1. (movwf)
Warning[203] D:\ELECTRONICA\TALLERES_VIRTUALES\TALLER1\PROGRAMAS\PRUEBA_LCD.X\PROGRAMA.ASM 231 : Found opcode in column 1. (decfsz)
Warning[203] D:\ELECTRONICA\TALLERES_VIRTUALES\TALLER1\PROGRAMAS\PRUEBA_LCD.X\PROGRAMA.ASM 232 : Found opcode in column 1. (goto)
Warning[203] D:\ELECTRONICA\TALLERES_VIRTUALES\TALLER1\PROGRAMAS\PRUEBA_LCD.X\PROGRAMA.ASM 233 : Found opcode in column 1. (decfsz)
Warning[203] D:\ELECTRONICA\TALLERES_VIRTUALES\TALLER1\PROGRAMAS\PRUEBA_LCD.X\PROGRAMA.ASM 234 : Found opcode in column 1. (goto)
Warning[203] D:\ELECTRONICA\TALLERES_VIRTUALES\TALLER1\PROGRAMAS\PRUEBA_LCD.X\PROGRAMA.ASM 235 : Found opcode in column 1. (return)
Warning[205] D:\ELECTRONICA\TALLERES_VIRTUALES\TALLER1\PROGRAMAS\PRUEBA_LCD.X\PROGRAMA.ASM 237 : Found directive in column 1. (end)
