MPASM 5.84            PROGRAMA_PRINCIPAL.ASM   5-1-2020  12:01:40         PAGE  1


LOC  OBJECT CODE     LINE SOURCE TEXT
  VALUE

                      00001 ; PIC16F648A Configuration Bit Settings
                      00002 
                      00003 ; Assembly source line config statements
                      00004 
                      00005 #include "p16f648a.inc"
                      00001         LIST
                      00002 
                      00003 ;==========================================================================
                      00004 ; Build date : Mar 17 2019
                      00005 ;  MPASM PIC16F648A processor include
                      00006 ; 
                      00007 ;  (c) Copyright 1999-2019 Microchip Technology, All rights reserved
                      00008 ;==========================================================================
                      00009 
                      00385         LIST
                      00006 
                      00007 ; CONFIG
                      00008 ; __config 0xFF21
2007   3F21           00009  __CONFIG _FOSC_XT & _WDTE_OFF & _PWRTE_ON & _MCLRE_ON & _BOREN_OFF & _LVP_OFF & _CPD_OFF & _CP_OFF
                      00010  
Warning[205]: Found directive in column 1. (CBLOCK)
Message[313]: CBLOCK constants will start with a value of 0.
                      00011 CBLOCK
  00000000            00012   CUENTA
                      00013  ENDC
                      00014  
                      00015  
  0000000A            00016 NUMERO EQU D'10'
                      00017  
                      00018 ;PORTB 7 -> SALIDA
                      00019 #DEFINE LED PORTB,7
                      00020  
                      00021     ORG     0
0000   2???           00022     GOTO    INICIO
                      00023     ORG     4
0004   2???           00024     GOTO    INT_EXT
                      00025 
                      00026     
                      00027 ;INICIO
                      00028 ;    BSF            STATUS,RP0; BANCO 1
                      00029 ;    BSF            TRISB,0 ;ENTRADA PIN RB0
                      00030 ;    BCF            TRISB,7 ; SALIDA PIN RB7
                      00031 ;    BCF            STATUS,RP0; BANCO 1
                      00032 ;    CLRF    PORTB; PORTB -> 0
                      00033 ;    BSF            INTCON,7; GIE -> 1
                      00034 ;    BSF            INTCON,6; PIEI -> 1
                      00035 ;    BSF            INTCON,4; INT0 HABILITADA
                      00036 ;    BCF            INTCON,1; INTF0 -> 0
                      00037 ;START
                      00038 ;    GOTO    START
                      00039 ;    
                      00040 ;INT_EXT
                      00041 ;    BTFSS   LED
MPASM 5.84            PROGRAMA_PRINCIPAL.ASM   5-1-2020  12:01:40         PAGE  2


LOC  OBJECT CODE     LINE SOURCE TEXT
  VALUE

                      00042 ;    GOTO    ENCENDER
                      00043 ;    BCF            LED
                      00044 ;    GOTO    FIN_INT
                      00045 ;ENCENDER
                      00046 ;    BSF            LED
                      00047 ;FIN_INT
                      00048 ;    BCF            INTCON,1
                      00049 ;    RETFIE
                      00050     
                      00051     
0005                  00052 INICIO
0005   0180           00053     CLRF    CUENTA
0006   151F           00054     BSF     CMCON,2
0007   149F           00055     BSF     CMCON,1
0008   141F           00056     BSF     CMCON,0 ; PORTA RA0 RA1 RA2 RA3 -> DIGITALES
0009   1683           00057     BSF     STATUS,RP0; BANCO 1
000A   30E0           00058     MOVLW   B'11100000'; RA0 - RA4 -> SALIDA
Message[302]: Register in operand not in bank 0.  Ensure that bank bits are correct.
000B   0085           00059     MOVWF   TRISA
Message[302]: Register in operand not in bank 0.  Ensure that bank bits are correct.
000C   1406           00060     BSF     TRISB,0 ;ENTRADA PIN RB0
000D   1283           00061     BCF     STATUS,RP0; BANCO 1
000E   0186           00062     CLRF    PORTB; PORTB -> 0
000F   178B           00063     BSF     INTCON,7; GIE -> 1
0010   170B           00064     BSF     INTCON,6; PIEI -> 1
0011   160B           00065     BSF     INTCON,4; INT0 HABILITADA
0012   108B           00066     BCF     INTCON,1; INTF0 -> 0
0013                  00067 START
0013   0800           00068     MOVF    CUENTA,W
0014   0085           00069     MOVWF   PORTA
0015   2???           00070     GOTO    START
                      00071     
0016                  00072 INT_EXT
0016   0A80           00073     INCF    CUENTA,F; F- > CUENTA
                      00074                     ; W -> W 
0017   300A           00075     MOVLW   NUMERO ; NUMERO -> W
0018   0200           00076     SUBWF   CUENTA,W; CUENTA - W(NUMERO) = W
0019   1D03           00077     BTFSS   STATUS,Z; ¿Z == 1? 
001A   2???           00078     GOTO    FIN_INT
001B   3000           00079     MOVLW   D'0'
001C   0080           00080     MOVWF   CUENTA
001D                  00081 FIN_INT
001D   108B           00082     BCF     INTCON,1
001E   0009           00083     RETFIE
                      00084     
3F21                  00085     END
MPASM 5.84            PROGRAMA_PRINCIPAL.ASM   5-1-2020  12:01:40         PAGE  3


SYMBOL TABLE
  LABEL                             VALUE 

ADDEN                             00000003
ADEN                              00000003
BRGH                              00000002
C                                 00000000
C1INV                             00000004
C1OUT                             00000006
C2INV                             00000005
C2OUT                             00000007
CCP1CON                           00000017
CCP1IE                            00000002
CCP1IF                            00000002
CCP1M0                            00000000
CCP1M1                            00000001
CCP1M2                            00000002
CCP1M3                            00000003
CCP1X                             00000005
CCP1Y                             00000004
CCPR1                             00000015
CCPR1H                            00000016
CCPR1L                            00000015
CIS                               00000003
CM0                               00000000
CM1                               00000001
CM2                               00000002
CMCON                             0000001F
CMIE                              00000006
CMIF                              00000006
CREN                              00000004
CSRC                              00000007
CUENTA                            00000000
DC                                00000001
EEADR                             0000009B
EECON1                            0000009C
EECON2                            0000009D
EEDATA                            0000009A
EEIE                              00000007
EEIF                              00000007
F                                 00000001
FERR                              00000002
FIN_INT                           0000001D
FSR                               00000004
GIE                               00000007
INDF                              00000000
INICIO                            00000005
INTCON                            0000000B
INTE                              00000004
INTEDG                            00000006
INTF                              00000001
INT_EXT                           00000016
IRP                               00000007
LED                               PORTB,7
NOT_BO                            00000000
NOT_BOD                           00000000
MPASM 5.84            PROGRAMA_PRINCIPAL.ASM   5-1-2020  12:01:40         PAGE  4


SYMBOL TABLE
  LABEL                             VALUE 

NOT_BOR                           00000000
NOT_PD                            00000003
NOT_POR                           00000001
NOT_RBPU                          00000007
NOT_T1SYNC                        00000002
NOT_TO                            00000004
NUMERO                            0000000A
OERR                              00000001
OPTION_REG                        00000081
OSCF                              00000003
PCL                               00000002
PCLATH                            0000000A
PCON                              0000008E
PEIE                              00000006
PIE1                              0000008C
PIR1                              0000000C
PORTA                             00000005
PORTB                             00000006
PR2                               00000092
PS0                               00000000
PS1                               00000001
PS2                               00000002
PSA                               00000003
RA0                               00000000
RA1                               00000001
RA2                               00000002
RA3                               00000003
RA4                               00000004
RA5                               00000005
RA6                               00000006
RA7                               00000007
RB0                               00000000
RB1                               00000001
RB2                               00000002
RB3                               00000003
RB4                               00000004
RB5                               00000005
RB6                               00000006
RB7                               00000007
RBIE                              00000003
RBIF                              00000000
RCIE                              00000005
RCIF                              00000005
RCREG                             0000001A
RCSTA                             00000018
RD                                00000000
RP0                               00000005
RP1                               00000006
RX9                               00000006
RX9D                              00000000
SPBRG                             00000099
SPEN                              00000007
SREN                              00000005
MPASM 5.84            PROGRAMA_PRINCIPAL.ASM   5-1-2020  12:01:40         PAGE  5


SYMBOL TABLE
  LABEL                             VALUE 

START                             00000013
STATUS                            00000003
SYNC                              00000004
T0CS                              00000005
T0IE                              00000005
T0IF                              00000002
T0SE                              00000004
T1CKPS0                           00000004
T1CKPS1                           00000005
T1CON                             00000010
T1OSCEN                           00000003
T2CKPS0                           00000000
T2CKPS1                           00000001
T2CON                             00000012
TMR0                              00000001
TMR0IE                            00000005
TMR0IF                            00000002
TMR1                              0000000E
TMR1CS                            00000001
TMR1H                             0000000F
TMR1IE                            00000000
TMR1IF                            00000000
TMR1L                             0000000E
TMR1ON                            00000000
TMR2                              00000011
TMR2IE                            00000001
TMR2IF                            00000001
TMR2ON                            00000002
TOUTPS0                           00000003
TOUTPS1                           00000004
TOUTPS2                           00000005
TOUTPS3                           00000006
TRISA                             00000085
TRISA0                            00000000
TRISA1                            00000001
TRISA2                            00000002
TRISA3                            00000003
TRISA4                            00000004
TRISA5                            00000005
TRISA6                            00000006
TRISA7                            00000007
TRISB                             00000086
TRISB0                            00000000
TRISB1                            00000001
TRISB2                            00000002
TRISB3                            00000003
TRISB4                            00000004
TRISB5                            00000005
TRISB6                            00000006
TRISB7                            00000007
TRMT                              00000001
TX9                               00000006
TX9D                              00000000
MPASM 5.84            PROGRAMA_PRINCIPAL.ASM   5-1-2020  12:01:40         PAGE  6


SYMBOL TABLE
  LABEL                             VALUE 

TXEN                              00000005
TXIE                              00000004
TXIF                              00000004
TXREG                             00000019
TXSTA                             00000098
VR0                               00000000
VR1                               00000001
VR2                               00000002
VR3                               00000003
VRCON                             0000009F
VREN                              00000007
VROE                              00000006
VRR                               00000005
W                                 00000000
WR                                00000001
WREN                              00000002
WRERR                             00000003
Z                                 00000002
_BODEN_OFF                        00003FBF
_BODEN_ON                         00003FFF
_BOREN_OFF                        00003FBF
_BOREN_ON                         00003FFF
_CONFIG                           00002007
_CPD_OFF                          00003FFF
_CPD_ON                           00003EFF
_CP_OFF                           00003FFF
_CP_ON                            00001FFF
_DATA_CP_OFF                      00003FFF
_DATA_CP_ON                       00003EFF
_DEVID1                           00002006
_ER_OSC_CLKOUT                    00003FFF
_ER_OSC_NOCLKOUT                  00003FFE
_EXTCLK_OSC                       00003FEF
_FOSC_ECIO                        00003FEF
_FOSC_EXTRCCLK                    00003FFF
_FOSC_EXTRCIO                     00003FFE
_FOSC_HS                          00003FEE
_FOSC_INTOSCCLK                   00003FFD
_FOSC_INTOSCIO                    00003FFC
_FOSC_LP                          00003FEC
_FOSC_XT                          00003FED
_HS_OSC                           00003FEE
_IDLOC0                           00002000
_IDLOC1                           00002001
_IDLOC2                           00002002
_IDLOC3                           00002003
_INTOSC_OSC_CLKOUT                00003FFD
_INTOSC_OSC_NOCLKOUT              00003FFC
_INTRC_OSC_CLKOUT                 00003FFD
_INTRC_OSC_NOCLKOUT               00003FFC
_LP_OSC                           00003FEC
_LVP_OFF                          00003F7F
_LVP_ON                           00003FFF
MPASM 5.84            PROGRAMA_PRINCIPAL.ASM   5-1-2020  12:01:40         PAGE  7


SYMBOL TABLE
  LABEL                             VALUE 

_MCLRE_OFF                        00003FDF
_MCLRE_ON                         00003FFF
_PWRTE_OFF                        00003FFF
_PWRTE_ON                         00003FF7
_RC_OSC_CLKOUT                    00003FFF
_RC_OSC_NOCLKOUT                  00003FFE
_WDTE_OFF                         00003FFB
_WDTE_ON                          00003FFF
_WDT_OFF                          00003FFB
_WDT_ON                           00003FFF
_XT_OSC                           00003FED
__16F648A                         00000001

Errors   :     0
Warnings :     1 reported,     0 suppressed
Messages :     3 reported,     0 suppressed

